Using pre-set license

 COMMAND LINE ARGUMENTS:
/Applications/Unity/Hub/Editor/2020.3.8f1/Unity.app/Contents/MacOS/Unity
-adb2
-batchMode
-noUpm
-name
AssetImportWorker0
-projectPath
/Users/sekiguchikohei/Documents/Unity/StackBurger
-logFile
Logs/AssetImportWorker0.log
-srvPort
54244
Successfully changed project path to: /Users/sekiguchikohei/Documents/Unity/StackBurger
/Users/sekiguchikohei/Documents/Unity/StackBurger
Using Asset Import Pipeline V2.
Refreshing native plugins compatible for Editor in 48.11 ms, found 2 plugins.
Preloading 0 native plugins for Editor in 0.00 ms.
Initialize engine version: 2020.3.8f1 (507919d4fff5)
[Subsystems] Discovering subsystems at path /Applications/Unity/Hub/Editor/2020.3.8f1/Unity.app/Contents/Resources/UnitySubsystems
[Subsystems] Discovering subsystems at path /Users/sekiguchikohei/Documents/Unity/StackBurger/Assets
GfxDevice: creating device client; threaded=0
2022-01-25 16:40:51.419 Unity[14925:1560910] Color LCD preferred device: Intel(R) Iris(TM) Plus Graphics 655 (low power)
2022-01-25 16:40:51.419 Unity[14925:1560910] Metal devices available: 1
2022-01-25 16:40:51.419 Unity[14925:1560910] 0: Intel(R) Iris(TM) Plus Graphics 655 (low power)
2022-01-25 16:40:51.419 Unity[14925:1560910] Using device Intel(R) Iris(TM) Plus Graphics 655 (low power)
Initializing Metal device caps: Intel(R) Iris(TM) Plus Graphics 655
Initialize mono
Mono path[0] = '/Applications/Unity/Hub/Editor/2020.3.8f1/Unity.app/Contents/Managed'
Mono path[1] = '/Applications/Unity/Hub/Editor/2020.3.8f1/Unity.app/Contents/MonoBleedingEdge/lib/mono/unityjit'
Mono config path = '/Applications/Unity/Hub/Editor/2020.3.8f1/Unity.app/Contents/MonoBleedingEdge/etc'
Using monoOptions --debugger-agent=transport=dt_socket,embedding=1,server=y,suspend=n,address=127.0.0.1:56925
Begin MonoManager ReloadAssembly
Registering precompiled unity dll's ...
Register platform support module: /Applications/Unity/Hub/Editor/2020.3.8f1/Unity.app/Contents/PlaybackEngines/MacStandaloneSupport/UnityEditor.OSXStandalone.Extensions.dll
Register platform support module: /Applications/Unity/Hub/Editor/2020.3.8f1/PlaybackEngines/WindowsStandaloneSupport/UnityEditor.WindowsStandalone.Extensions.dll
Registered in 0.002922 seconds.
Native extension for WindowsStandalone target not found
Native extension for OSXStandalone target not found
Refreshing native plugins compatible for Editor in 43.67 ms, found 2 plugins.
Preloading 0 native plugins for Editor in 0.00 ms.
Mono: successfully reloaded assembly
- Completed reload, in  3.699 seconds
Platform modules already initialized, skipping
Registering precompiled user dll's ...
Registered in 0.001425 seconds.
Begin MonoManager ReloadAssembly
Native extension for WindowsStandalone target not found
Native extension for OSXStandalone target not found
Refreshing native plugins compatible for Editor in 46.06 ms, found 2 plugins.
Preloading 0 native plugins for Editor in 0.00 ms.
Mono: successfully reloaded assembly
- Completed reload, in  1.345 seconds
Platform modules already initialized, skipping
========================================================================
Worker process is ready to serve import requests
Launching external process: /Applications/Unity/Hub/Editor/2020.3.8f1/Unity.app/Contents/Tools/UnityShaderCompiler
Launched and connected shader compiler UnityShaderCompiler after 0.01 seconds
Refreshing native plugins compatible for Editor in 0.43 ms, found 2 plugins.
Preloading 0 native plugins for Editor in 0.00 ms.
Unloading 1842 Unused Serialized files (Serialized files now loaded: 0)
System memory in use before: 152.1 MB.
System memory in use after: 152.2 MB.

Unloading 18 unused Assets to reduce memory usage. Loaded Objects now: 2292.
Total: 2.057967 ms (FindLiveObjects: 0.193571 ms CreateObjectMapping: 0.065289 ms MarkObjects: 1.773992 ms  DeleteObjects: 0.024244 ms)

========================================================================
Received Import Request.
  path: Assets/AudioMixer.mixer
  artifactKey: Guid(7a918974af23b404d9806820eb256961) Importer(815301076,1909f56bfc062723c751e8b465ee728b)
Start importing Assets/AudioMixer.mixer using Guid(7a918974af23b404d9806820eb256961) Importer(815301076,1909f56bfc062723c751e8b465ee728b)  -> (artifact id: 'c3bde9b229ddc1de4ce7b4502fb0ebbf') in 1.434959 seconds
  Import took 1.439707 seconds .

========================================================================
Received Import Request.
  Time since last request: 55.001714 seconds.
  path: Assets/AudioMixer.mixer
  artifactKey: Guid(7a918974af23b404d9806820eb256961) Importer(815301076,1909f56bfc062723c751e8b465ee728b)
Start importing Assets/AudioMixer.mixer using Guid(7a918974af23b404d9806820eb256961) Importer(815301076,1909f56bfc062723c751e8b465ee728b)  -> (artifact id: '5480f877e510511ed0b6e38f4d5790e7') in 0.005408 seconds
  Import took 0.011895 seconds .

========================================================================
Received Import Request.
  Time since last request: 0.034636 seconds.
  path: Assets/AudioMixer.mixer
  artifactKey: Guid(7a918974af23b404d9806820eb256961) Importer(815301076,1909f56bfc062723c751e8b465ee728b)
Start importing Assets/AudioMixer.mixer using Guid(7a918974af23b404d9806820eb256961) Importer(815301076,1909f56bfc062723c751e8b465ee728b)  -> (artifact id: '5480f877e510511ed0b6e38f4d5790e7') in 0.010970 seconds
  Import took 0.015926 seconds .

========================================================================
Received Import Request.
  Time since last request: 2.600653 seconds.
  path: Assets/AudioMixer.mixer
  artifactKey: Guid(7a918974af23b404d9806820eb256961) Importer(815301076,1909f56bfc062723c751e8b465ee728b)
Start importing Assets/AudioMixer.mixer using Guid(7a918974af23b404d9806820eb256961) Importer(815301076,1909f56bfc062723c751e8b465ee728b)  -> (artifact id: '00d971b10f218a5212baf15327b29c5d') in 0.010384 seconds
  Import took 0.018128 seconds .

========================================================================
Received Import Request.
  Time since last request: 1.072818 seconds.
  path: Assets/AudioMixer.mixer
  artifactKey: Guid(7a918974af23b404d9806820eb256961) Importer(815301076,1909f56bfc062723c751e8b465ee728b)
Start importing Assets/AudioMixer.mixer using Guid(7a918974af23b404d9806820eb256961) Importer(815301076,1909f56bfc062723c751e8b465ee728b)  -> (artifact id: 'cf527fdecb46ec8ba53c8fb3ede5e696') in 0.011860 seconds
  Import took 0.018731 seconds .

========================================================================
Received Import Request.
  Time since last request: 0.029334 seconds.
  path: Assets/AudioMixer.mixer
  artifactKey: Guid(7a918974af23b404d9806820eb256961) Importer(815301076,1909f56bfc062723c751e8b465ee728b)
Start importing Assets/AudioMixer.mixer using Guid(7a918974af23b404d9806820eb256961) Importer(815301076,1909f56bfc062723c751e8b465ee728b)  -> (artifact id: 'cf527fdecb46ec8ba53c8fb3ede5e696') in 0.009121 seconds
  Import took 0.016865 seconds .

========================================================================
Received Import Request.
  Time since last request: 3.409269 seconds.
  path: Assets/AudioMixer.mixer
  artifactKey: Guid(7a918974af23b404d9806820eb256961) Importer(815301076,1909f56bfc062723c751e8b465ee728b)
Start importing Assets/AudioMixer.mixer using Guid(7a918974af23b404d9806820eb256961) Importer(815301076,1909f56bfc062723c751e8b465ee728b)  -> (artifact id: '4f801b5ccf15dcea110f5f88073c8fb4') in 0.008411 seconds
  Import took 0.014733 seconds .

========================================================================
Received Import Request.
  Time since last request: 4.123584 seconds.
  path: Assets/AudioMixer.mixer
  artifactKey: Guid(7a918974af23b404d9806820eb256961) Importer(815301076,1909f56bfc062723c751e8b465ee728b)
Start importing Assets/AudioMixer.mixer using Guid(7a918974af23b404d9806820eb256961) Importer(815301076,1909f56bfc062723c751e8b465ee728b)  -> (artifact id: '98497d479982650f36def3d694912657') in 0.006283 seconds
  Import took 0.013253 seconds .

========================================================================
Received Import Request.
  Time since last request: 0.032815 seconds.
  path: Assets/AudioMixer.mixer
  artifactKey: Guid(7a918974af23b404d9806820eb256961) Importer(815301076,1909f56bfc062723c751e8b465ee728b)
Start importing Assets/AudioMixer.mixer using Guid(7a918974af23b404d9806820eb256961) Importer(815301076,1909f56bfc062723c751e8b465ee728b)  -> (artifact id: '98497d479982650f36def3d694912657') in 0.008056 seconds
  Import took 0.016358 seconds .

========================================================================
Received Import Request.
  Time since last request: 1.991940 seconds.
  path: Assets/AudioMixer.mixer
  artifactKey: Guid(7a918974af23b404d9806820eb256961) Importer(815301076,1909f56bfc062723c751e8b465ee728b)
Start importing Assets/AudioMixer.mixer using Guid(7a918974af23b404d9806820eb256961) Importer(815301076,1909f56bfc062723c751e8b465ee728b)  -> (artifact id: 'b02d7fe83ba04e2115e2c8d658872baf') in 0.007816 seconds
  Import took 0.016087 seconds .

========================================================================
Received Import Request.
  Time since last request: 1.076560 seconds.
  path: Assets/AudioMixer.mixer
  artifactKey: Guid(7a918974af23b404d9806820eb256961) Importer(815301076,1909f56bfc062723c751e8b465ee728b)
Start importing Assets/AudioMixer.mixer using Guid(7a918974af23b404d9806820eb256961) Importer(815301076,1909f56bfc062723c751e8b465ee728b)  -> (artifact id: '57ef0d04ad6e7774c68b39d80a710075') in 0.005466 seconds
  Import took 0.010705 seconds .

========================================================================
Received Import Request.
  Time since last request: 0.030208 seconds.
  path: Assets/AudioMixer.mixer
  artifactKey: Guid(7a918974af23b404d9806820eb256961) Importer(815301076,1909f56bfc062723c751e8b465ee728b)
Start importing Assets/AudioMixer.mixer using Guid(7a918974af23b404d9806820eb256961) Importer(815301076,1909f56bfc062723c751e8b465ee728b)  -> (artifact id: '57ef0d04ad6e7774c68b39d80a710075') in 0.008564 seconds
  Import took 0.016052 seconds .

========================================================================
Received Import Request.
  Time since last request: 12.417278 seconds.
  path: Assets/AudioMixer.mixer
  artifactKey: Guid(7a918974af23b404d9806820eb256961) Importer(815301076,1909f56bfc062723c751e8b465ee728b)
Start importing Assets/AudioMixer.mixer using Guid(7a918974af23b404d9806820eb256961) Importer(815301076,1909f56bfc062723c751e8b465ee728b)  -> (artifact id: '8d2350b1cf734d6126c53265e0dd1e0f') in 0.005638 seconds
  Import took 0.011326 seconds .

========================================================================
Received Import Request.
  Time since last request: 0.032776 seconds.
  path: Assets/AudioMixer.mixer
  artifactKey: Guid(7a918974af23b404d9806820eb256961) Importer(815301076,1909f56bfc062723c751e8b465ee728b)
Start importing Assets/AudioMixer.mixer using Guid(7a918974af23b404d9806820eb256961) Importer(815301076,1909f56bfc062723c751e8b465ee728b)  -> (artifact id: '8d2350b1cf734d6126c53265e0dd1e0f') in 0.009569 seconds
  Import took 0.017807 seconds .

========================================================================
Received Import Request.
  Time since last request: 5.338590 seconds.
  path: Assets/AudioMixer.mixer
  artifactKey: Guid(7a918974af23b404d9806820eb256961) Importer(815301076,1909f56bfc062723c751e8b465ee728b)
Start importing Assets/AudioMixer.mixer using Guid(7a918974af23b404d9806820eb256961) Importer(815301076,1909f56bfc062723c751e8b465ee728b)  -> (artifact id: 'aaaded2fc41ee6088f6d53c096779c6e') in 0.006612 seconds
  Import took 0.014460 seconds .

========================================================================
Received Prepare
Registering precompiled user dll's ...
Registered in 0.003785 seconds.
Begin MonoManager ReloadAssembly
Native extension for WindowsStandalone target not found
Native extension for OSXStandalone target not found
Refreshing native plugins compatible for Editor in 0.43 ms, found 2 plugins.
Preloading 0 native plugins for Editor in 0.00 ms.
Mono: successfully reloaded assembly
- Completed reload, in  1.320 seconds
Platform modules already initialized, skipping
Refreshing native plugins compatible for Editor in 0.47 ms, found 2 plugins.
Preloading 0 native plugins for Editor in 0.00 ms.
Unloading 1832 Unused Serialized files (Serialized files now loaded: 0)
System memory in use before: 156.8 MB.
System memory in use after: 156.9 MB.

Unloading 7 unused Assets to reduce memory usage. Loaded Objects now: 2296.
Total: 3.026885 ms (FindLiveObjects: 0.356290 ms CreateObjectMapping: 0.136487 ms MarkObjects: 2.475146 ms  DeleteObjects: 0.057843 ms)

========================================================================
Received Prepare
Registering precompiled user dll's ...
Registered in 0.000663 seconds.
Begin MonoManager ReloadAssembly
Native extension for WindowsStandalone target not found
Native extension for OSXStandalone target not found
Refreshing native plugins compatible for Editor in 0.46 ms, found 2 plugins.
Preloading 0 native plugins for Editor in 0.00 ms.
Mono: successfully reloaded assembly
- Completed reload, in  1.179 seconds
Platform modules already initialized, skipping
Refreshing native plugins compatible for Editor in 0.64 ms, found 2 plugins.
Preloading 0 native plugins for Editor in 0.00 ms.
Unloading 1832 Unused Serialized files (Serialized files now loaded: 0)
System memory in use before: 157.0 MB.
System memory in use after: 157.1 MB.

Unloading 7 unused Assets to reduce memory usage. Loaded Objects now: 2300.
Total: 2.178325 ms (FindLiveObjects: 0.223159 ms CreateObjectMapping: 0.063768 ms MarkObjects: 1.874883 ms  DeleteObjects: 0.015657 ms)

========================================================================
Received Prepare
Registering precompiled user dll's ...
Registered in 0.002064 seconds.
Begin MonoManager ReloadAssembly
Native extension for WindowsStandalone target not found
Native extension for OSXStandalone target not found
Refreshing native plugins compatible for Editor in 0.43 ms, found 2 plugins.
Preloading 0 native plugins for Editor in 0.00 ms.
Mono: successfully reloaded assembly
- Completed reload, in  1.302 seconds
Platform modules already initialized, skipping
Refreshing native plugins compatible for Editor in 0.67 ms, found 2 plugins.
Preloading 0 native plugins for Editor in 0.00 ms.
Unloading 1832 Unused Serialized files (Serialized files now loaded: 0)
System memory in use before: 157.2 MB.
System memory in use after: 157.4 MB.

Unloading 7 unused Assets to reduce memory usage. Loaded Objects now: 2304.
Total: 2.919303 ms (FindLiveObjects: 0.258996 ms CreateObjectMapping: 0.087289 ms MarkObjects: 2.539636 ms  DeleteObjects: 0.031949 ms)

========================================================================
Received Import Request.
  Time since last request: 1840.991321 seconds.
  path: Assets/Scripts/Game/SoundManager1.cs
  artifactKey: Guid(db3542de52eff4a30beb8cb788c6b11b) Importer(815301076,1909f56bfc062723c751e8b465ee728b)
Start importing Assets/Scripts/Game/SoundManager1.cs using Guid(db3542de52eff4a30beb8cb788c6b11b) Importer(815301076,1909f56bfc062723c751e8b465ee728b)  -> (artifact id: '6df73157318a07ec1f28bdc9feaea6db') in 0.585949 seconds
  Import took 0.615656 seconds .

========================================================================
Received Prepare
Registering precompiled user dll's ...
Registered in 0.001334 seconds.
Begin MonoManager ReloadAssembly
Native extension for WindowsStandalone target not found
Native extension for OSXStandalone target not found
Refreshing native plugins compatible for Editor in 0.57 ms, found 2 plugins.
Preloading 0 native plugins for Editor in 0.00 ms.
Mono: successfully reloaded assembly
- Completed reload, in  1.422 seconds
Platform modules already initialized, skipping
Refreshing native plugins compatible for Editor in 0.50 ms, found 2 plugins.
Preloading 0 native plugins for Editor in 0.00 ms.
Unloading 1833 Unused Serialized files (Serialized files now loaded: 0)
System memory in use before: 161.7 MB.
System memory in use after: 161.8 MB.

Unloading 7 unused Assets to reduce memory usage. Loaded Objects now: 2309.
Total: 2.169869 ms (FindLiveObjects: 0.250043 ms CreateObjectMapping: 0.062032 ms MarkObjects: 1.842327 ms  DeleteObjects: 0.014554 ms)

========================================================================
Received Import Request.
  Time since last request: 59.819241 seconds.
  path: Assets/Scripts/Game/SoundManager1.cs
  artifactKey: Guid(db3542de52eff4a30beb8cb788c6b11b) Importer(815301076,1909f56bfc062723c751e8b465ee728b)
Start importing Assets/Scripts/Game/SoundManager1.cs using Guid(db3542de52eff4a30beb8cb788c6b11b) Importer(815301076,1909f56bfc062723c751e8b465ee728b)  -> (artifact id: '4f57f0103551ac29382aebddea5f688d') in 0.116972 seconds
  Import took 0.150736 seconds .

========================================================================
Received Import Request.
  Time since last request: 0.007143 seconds.
  path: Assets/Scripts/Game/SoundManager1.cs
  artifactKey: Guid(db3542de52eff4a30beb8cb788c6b11b) Importer(815301076,1909f56bfc062723c751e8b465ee728b)
Start importing Assets/Scripts/Game/SoundManager1.cs using Guid(db3542de52eff4a30beb8cb788c6b11b) Importer(815301076,1909f56bfc062723c751e8b465ee728b)  -> (artifact id: '4f57f0103551ac29382aebddea5f688d') in 0.001620 seconds
  Import took 0.009009 seconds .

========================================================================
Received Import Request.
  Time since last request: 0.758495 seconds.
  path: Assets/Scripts/Game/SoundManager.cs
  artifactKey: Guid(37bfa68971db043758bf438fd14af638) Importer(815301076,1909f56bfc062723c751e8b465ee728b)
Start importing Assets/Scripts/Game/SoundManager.cs using Guid(37bfa68971db043758bf438fd14af638) Importer(815301076,1909f56bfc062723c751e8b465ee728b)  -> (artifact id: 'd088ebff720509b9d517dc9239d9fab4') in 0.001661 seconds
  Import took 0.006825 seconds .

========================================================================
Received Import Request.
  Time since last request: 0.002196 seconds.
  path: Assets/Scripts/Game/SoundManager.cs
  artifactKey: Guid(37bfa68971db043758bf438fd14af638) Importer(815301076,1909f56bfc062723c751e8b465ee728b)
Start importing Assets/Scripts/Game/SoundManager.cs using Guid(37bfa68971db043758bf438fd14af638) Importer(815301076,1909f56bfc062723c751e8b465ee728b)  -> (artifact id: 'd088ebff720509b9d517dc9239d9fab4') in 0.002594 seconds
  Import took 0.007626 seconds .

========================================================================
Received Prepare
Registering precompiled user dll's ...
Registered in 0.001161 seconds.
Begin MonoManager ReloadAssembly
Native extension for WindowsStandalone target not found
Native extension for OSXStandalone target not found
Refreshing native plugins compatible for Editor in 0.56 ms, found 2 plugins.
Preloading 0 native plugins for Editor in 0.00 ms.
Mono: successfully reloaded assembly
- Completed reload, in  1.652 seconds
Platform modules already initialized, skipping
Refreshing native plugins compatible for Editor in 0.44 ms, found 2 plugins.
Preloading 0 native plugins for Editor in 0.00 ms.
Unloading 1832 Unused Serialized files (Serialized files now loaded: 0)
System memory in use before: 161.9 MB.
System memory in use after: 162.0 MB.

Unloading 8 unused Assets to reduce memory usage. Loaded Objects now: 2312.
Total: 2.662785 ms (FindLiveObjects: 0.286801 ms CreateObjectMapping: 0.090293 ms MarkObjects: 2.253518 ms  DeleteObjects: 0.031008 ms)

========================================================================
Received Import Request.
  Time since last request: 37.966247 seconds.
  path: Assets/Scripts/Game/SoundManager.cs
  artifactKey: Guid(37bfa68971db043758bf438fd14af638) Importer(815301076,1909f56bfc062723c751e8b465ee728b)
Start importing Assets/Scripts/Game/SoundManager.cs using Guid(37bfa68971db043758bf438fd14af638) Importer(815301076,1909f56bfc062723c751e8b465ee728b)  -> (artifact id: 'c3f189dc48db9af48f3d05458d75bd1a') in 0.005648 seconds
  Import took 0.013119 seconds .

========================================================================
Received Import Request.
  Time since last request: 57.017729 seconds.
  path: Assets/Scripts/Game/SoundManager.cs
  artifactKey: Guid(37bfa68971db043758bf438fd14af638) Importer(815301076,1909f56bfc062723c751e8b465ee728b)
Start importing Assets/Scripts/Game/SoundManager.cs using Guid(37bfa68971db043758bf438fd14af638) Importer(815301076,1909f56bfc062723c751e8b465ee728b)  -> (artifact id: '76ec2cc0299a718fc068d7c214a094de') in 0.003283 seconds
  Import took 0.012705 seconds .

========================================================================
Received Import Request.
  Time since last request: 13.042076 seconds.
  path: Assets/Scripts/Game/SoundVolume.cs
  artifactKey: Guid(ef9d9b7872fe0440794c018629250509) Importer(815301076,1909f56bfc062723c751e8b465ee728b)
Start importing Assets/Scripts/Game/SoundVolume.cs using Guid(ef9d9b7872fe0440794c018629250509) Importer(815301076,1909f56bfc062723c751e8b465ee728b)  -> (artifact id: 'a0e0906893a2aaeeb0be295f4c87a082') in 0.003841 seconds
  Import took 0.009339 seconds .

========================================================================
Received Import Request.
  Time since last request: 0.001634 seconds.
  path: Assets/Scripts/Game/SoundVolume.cs
  artifactKey: Guid(ef9d9b7872fe0440794c018629250509) Importer(815301076,1909f56bfc062723c751e8b465ee728b)
Start importing Assets/Scripts/Game/SoundVolume.cs using Guid(ef9d9b7872fe0440794c018629250509) Importer(815301076,1909f56bfc062723c751e8b465ee728b)  -> (artifact id: 'a0e0906893a2aaeeb0be295f4c87a082') in 0.002790 seconds
  Import took 0.006478 seconds .

========================================================================
Received Import Request.
  Time since last request: 110.099848 seconds.
  path: Assets/Scripts/Game/SoundVolume.cs
  artifactKey: Guid(ef9d9b7872fe0440794c018629250509) Importer(815301076,1909f56bfc062723c751e8b465ee728b)
Start importing Assets/Scripts/Game/SoundVolume.cs using Guid(ef9d9b7872fe0440794c018629250509) Importer(815301076,1909f56bfc062723c751e8b465ee728b)  -> (artifact id: '60a109748330bfd31c1563b6240e1354') in 0.014754 seconds
  Import took 0.045416 seconds .

========================================================================
Received Import Request.
  Time since last request: 20.602491 seconds.
  path: Assets/Scripts/Game/SingletonMonoBehavior.cs
  artifactKey: Guid(f5df10fcf6d34483bbbe6e8ac53b5298) Importer(815301076,1909f56bfc062723c751e8b465ee728b)
Start importing Assets/Scripts/Game/SingletonMonoBehavior.cs using Guid(f5df10fcf6d34483bbbe6e8ac53b5298) Importer(815301076,1909f56bfc062723c751e8b465ee728b)  -> (artifact id: '2757dd68daa421e9047fbb199aa80e27') in 0.005174 seconds
  Import took 0.010161 seconds .

========================================================================
Received Import Request.
  Time since last request: 0.001588 seconds.
  path: Assets/Scripts/Game/SingletonMonoBehavior.cs
  artifactKey: Guid(f5df10fcf6d34483bbbe6e8ac53b5298) Importer(815301076,1909f56bfc062723c751e8b465ee728b)
Start importing Assets/Scripts/Game/SingletonMonoBehavior.cs using Guid(f5df10fcf6d34483bbbe6e8ac53b5298) Importer(815301076,1909f56bfc062723c751e8b465ee728b)  -> (artifact id: '2757dd68daa421e9047fbb199aa80e27') in 0.001963 seconds
  Import took 0.005835 seconds .

========================================================================
Received Import Request.
  Time since last request: 12.879468 seconds.
  path: Assets/Scripts/Game/SingletonMonoBehaviour.cs
  artifactKey: Guid(f5df10fcf6d34483bbbe6e8ac53b5298) Importer(815301076,1909f56bfc062723c751e8b465ee728b)
Start importing Assets/Scripts/Game/SingletonMonoBehaviour.cs using Guid(f5df10fcf6d34483bbbe6e8ac53b5298) Importer(815301076,1909f56bfc062723c751e8b465ee728b)  -> (artifact id: 'b837d184e8c6199d38ee221807860e81') in 0.002255 seconds
  Import took 0.007361 seconds .

========================================================================
Received Import Request.
  Time since last request: 3869.074135 seconds.
  path: Assets/Scripts/Game/SingletonMonoBehaviour.cs
  artifactKey: Guid(f5df10fcf6d34483bbbe6e8ac53b5298) Importer(815301076,1909f56bfc062723c751e8b465ee728b)
Start importing Assets/Scripts/Game/SingletonMonoBehaviour.cs using Guid(f5df10fcf6d34483bbbe6e8ac53b5298) Importer(815301076,1909f56bfc062723c751e8b465ee728b)  -> (artifact id: '88bd0cf11caf22f7ba72ef7e5585bdd1') in 0.059953 seconds
  Import took 0.117228 seconds .

========================================================================
Received Prepare
Registering precompiled user dll's ...
Registered in 0.001137 seconds.
Begin MonoManager ReloadAssembly
Native extension for WindowsStandalone target not found
Native extension for OSXStandalone target not found
Refreshing native plugins compatible for Editor in 0.39 ms, found 2 plugins.
Preloading 0 native plugins for Editor in 0.00 ms.
Mono: successfully reloaded assembly
- Completed reload, in  1.379 seconds
Platform modules already initialized, skipping
Refreshing native plugins compatible for Editor in 0.55 ms, found 2 plugins.
Preloading 0 native plugins for Editor in 0.00 ms.
Unloading 1834 Unused Serialized files (Serialized files now loaded: 0)
System memory in use before: 163.4 MB.
System memory in use after: 163.5 MB.

Unloading 7 unused Assets to reduce memory usage. Loaded Objects now: 2318.
Total: 7.014079 ms (FindLiveObjects: 1.143446 ms CreateObjectMapping: 0.175603 ms MarkObjects: 4.631822 ms  DeleteObjects: 1.061232 ms)

========================================================================
Received Prepare
Registering precompiled user dll's ...
Registered in 0.001998 seconds.
Begin MonoManager ReloadAssembly
Native extension for WindowsStandalone target not found
Native extension for OSXStandalone target not found
Refreshing native plugins compatible for Editor in 0.42 ms, found 2 plugins.
Preloading 0 native plugins for Editor in 0.00 ms.
Mono: successfully reloaded assembly
- Completed reload, in  1.178 seconds
Platform modules already initialized, skipping
Refreshing native plugins compatible for Editor in 0.34 ms, found 2 plugins.
Preloading 0 native plugins for Editor in 0.00 ms.
Unloading 1834 Unused Serialized files (Serialized files now loaded: 0)
System memory in use before: 163.6 MB.
System memory in use after: 163.7 MB.

Unloading 7 unused Assets to reduce memory usage. Loaded Objects now: 2322.
Total: 2.200996 ms (FindLiveObjects: 0.202701 ms CreateObjectMapping: 0.069821 ms MarkObjects: 1.896982 ms  DeleteObjects: 0.030574 ms)

========================================================================
Received Prepare
Registering precompiled user dll's ...
Registered in 0.002992 seconds.
Begin MonoManager ReloadAssembly
Native extension for WindowsStandalone target not found
Native extension for OSXStandalone target not found
Refreshing native plugins compatible for Editor in 0.42 ms, found 2 plugins.
Preloading 0 native plugins for Editor in 0.00 ms.
Mono: successfully reloaded assembly
- Completed reload, in  1.164 seconds
Platform modules already initialized, skipping
Refreshing native plugins compatible for Editor in 0.42 ms, found 2 plugins.
Preloading 0 native plugins for Editor in 0.00 ms.
Unloading 1834 Unused Serialized files (Serialized files now loaded: 0)
System memory in use before: 163.8 MB.
System memory in use after: 163.9 MB.

Unloading 7 unused Assets to reduce memory usage. Loaded Objects now: 2326.
Total: 2.317423 ms (FindLiveObjects: 0.199243 ms CreateObjectMapping: 0.069258 ms MarkObjects: 1.982963 ms  DeleteObjects: 0.064866 ms)

========================================================================
Received Prepare
Registering precompiled user dll's ...
Registered in 0.002517 seconds.
Begin MonoManager ReloadAssembly
Native extension for WindowsStandalone target not found
Native extension for OSXStandalone target not found
Refreshing native plugins compatible for Editor in 0.49 ms, found 2 plugins.
Preloading 0 native plugins for Editor in 0.00 ms.
Mono: successfully reloaded assembly
- Completed reload, in  1.646 seconds
Platform modules already initialized, skipping
Refreshing native plugins compatible for Editor in 0.51 ms, found 2 plugins.
Preloading 0 native plugins for Editor in 0.00 ms.
Unloading 1834 Unused Serialized files (Serialized files now loaded: 0)
System memory in use before: 164.0 MB.
System memory in use after: 164.1 MB.

Unloading 7 unused Assets to reduce memory usage. Loaded Objects now: 2330.
Total: 2.416303 ms (FindLiveObjects: 0.317030 ms CreateObjectMapping: 0.072132 ms MarkObjects: 1.995582 ms  DeleteObjects: 0.030284 ms)

========================================================================
Received Prepare
Registering precompiled user dll's ...
Registered in 0.003838 seconds.
Begin MonoManager ReloadAssembly
Native extension for WindowsStandalone target not found
Native extension for OSXStandalone target not found
Refreshing native plugins compatible for Editor in 0.46 ms, found 2 plugins.
Preloading 0 native plugins for Editor in 0.00 ms.
Mono: successfully reloaded assembly
- Completed reload, in  1.375 seconds
Platform modules already initialized, skipping
Refreshing native plugins compatible for Editor in 0.39 ms, found 2 plugins.
Preloading 0 native plugins for Editor in 0.00 ms.
Unloading 1834 Unused Serialized files (Serialized files now loaded: 0)
System memory in use before: 164.2 MB.
System memory in use after: 164.3 MB.

Unloading 7 unused Assets to reduce memory usage. Loaded Objects now: 2334.
Total: 2.242317 ms (FindLiveObjects: 0.309325 ms CreateObjectMapping: 0.072336 ms MarkObjects: 1.830701 ms  DeleteObjects: 0.029092 ms)

========================================================================
Received Prepare
Registering precompiled user dll's ...
Registered in 0.002859 seconds.
Begin MonoManager ReloadAssembly
Native extension for WindowsStandalone target not found
Native extension for OSXStandalone target not found
Refreshing native plugins compatible for Editor in 0.66 ms, found 2 plugins.
Preloading 0 native plugins for Editor in 0.00 ms.
Mono: successfully reloaded assembly
- Completed reload, in  2.767 seconds
Platform modules already initialized, skipping
Refreshing native plugins compatible for Editor in 0.67 ms, found 2 plugins.
Preloading 0 native plugins for Editor in 0.00 ms.
Unloading 1834 Unused Serialized files (Serialized files now loaded: 0)
System memory in use before: 164.5 MB.
System memory in use after: 164.6 MB.

Unloading 7 unused Assets to reduce memory usage. Loaded Objects now: 2338.
Total: 4.265032 ms (FindLiveObjects: 0.366361 ms CreateObjectMapping: 0.166550 ms MarkObjects: 3.653548 ms  DeleteObjects: 0.076288 ms)

========================================================================
Received Prepare
Registering precompiled user dll's ...
Registered in 0.004115 seconds.
Begin MonoManager ReloadAssembly
Native extension for WindowsStandalone target not found
Native extension for OSXStandalone target not found
Refreshing native plugins compatible for Editor in 0.43 ms, found 2 plugins.
Preloading 0 native plugins for Editor in 0.00 ms.
Mono: successfully reloaded assembly
- Completed reload, in  1.319 seconds
Platform modules already initialized, skipping
Refreshing native plugins compatible for Editor in 0.42 ms, found 2 plugins.
Preloading 0 native plugins for Editor in 0.00 ms.
Unloading 1834 Unused Serialized files (Serialized files now loaded: 0)
System memory in use before: 164.7 MB.
System memory in use after: 164.8 MB.

Unloading 7 unused Assets to reduce memory usage. Loaded Objects now: 2342.
Total: 2.456768 ms (FindLiveObjects: 0.299816 ms CreateObjectMapping: 0.082359 ms MarkObjects: 2.040516 ms  DeleteObjects: 0.033072 ms)

========================================================================
Received Prepare
Registering precompiled user dll's ...
Registered in 0.000673 seconds.
Begin MonoManager ReloadAssembly
Native extension for WindowsStandalone target not found
Native extension for OSXStandalone target not found
Refreshing native plugins compatible for Editor in 0.58 ms, found 2 plugins.
Preloading 0 native plugins for Editor in 0.00 ms.
Mono: successfully reloaded assembly
- Completed reload, in  1.303 seconds
Platform modules already initialized, skipping
Refreshing native plugins compatible for Editor in 0.41 ms, found 2 plugins.
Preloading 0 native plugins for Editor in 0.00 ms.
Unloading 1834 Unused Serialized files (Serialized files now loaded: 0)
System memory in use before: 164.9 MB.
System memory in use after: 165.0 MB.

Unloading 7 unused Assets to reduce memory usage. Loaded Objects now: 2346.
Total: 2.254407 ms (FindLiveObjects: 0.221230 ms CreateObjectMapping: 0.059590 ms MarkObjects: 1.957529 ms  DeleteObjects: 0.015357 ms)

========================================================================
Received Import Request.
  Time since last request: 4049.372350 seconds.
  path: Assets/AudioMixer.mixer
  artifactKey: Guid(7a918974af23b404d9806820eb256961) Importer(815301076,1909f56bfc062723c751e8b465ee728b)
Start importing Assets/AudioMixer.mixer using Guid(7a918974af23b404d9806820eb256961) Importer(815301076,1909f56bfc062723c751e8b465ee728b)  -> (artifact id: 'fe606baaa1519e037f78396fdb039373') in 0.123542 seconds
  Import took 0.177467 seconds .

========================================================================
Received Import Request.
  Time since last request: 130.255858 seconds.
  path: Assets/Scripts/Game/SaveManager.cs
  artifactKey: Guid(7dc218a2e7d2f4ea6a6d69434a4557f4) Importer(815301076,1909f56bfc062723c751e8b465ee728b)
Start importing Assets/Scripts/Game/SaveManager.cs using Guid(7dc218a2e7d2f4ea6a6d69434a4557f4) Importer(815301076,1909f56bfc062723c751e8b465ee728b)  -> (artifact id: 'bd952b50072698f92a1f2ba4d67ec4f0') in 0.012374 seconds
  Import took 0.034493 seconds .

========================================================================
Received Import Request.
  Time since last request: 0.026097 seconds.
  path: Assets/Scripts/Game/SaveManager.cs
  artifactKey: Guid(7dc218a2e7d2f4ea6a6d69434a4557f4) Importer(815301076,1909f56bfc062723c751e8b465ee728b)
Start importing Assets/Scripts/Game/SaveManager.cs using Guid(7dc218a2e7d2f4ea6a6d69434a4557f4) Importer(815301076,1909f56bfc062723c751e8b465ee728b)  -> (artifact id: 'bd952b50072698f92a1f2ba4d67ec4f0') in 0.002694 seconds
  Import took 0.010792 seconds .

========================================================================
Received Prepare
Registering precompiled user dll's ...
Registered in 0.001266 seconds.
Begin MonoManager ReloadAssembly
Native extension for WindowsStandalone target not found
Native extension for OSXStandalone target not found
Refreshing native plugins compatible for Editor in 0.45 ms, found 2 plugins.
Preloading 0 native plugins for Editor in 0.00 ms.
Mono: successfully reloaded assembly
- Completed reload, in  1.631 seconds
Platform modules already initialized, skipping
Refreshing native plugins compatible for Editor in 0.43 ms, found 2 plugins.
Preloading 0 native plugins for Editor in 0.00 ms.
Unloading 1835 Unused Serialized files (Serialized files now loaded: 0)
System memory in use before: 165.1 MB.
System memory in use after: 165.2 MB.

Unloading 7 unused Assets to reduce memory usage. Loaded Objects now: 2351.
Total: 2.517237 ms (FindLiveObjects: 0.485763 ms CreateObjectMapping: 0.111387 ms MarkObjects: 1.885319 ms  DeleteObjects: 0.033072 ms)

========================================================================
Received Import Request.
  Time since last request: 34.041743 seconds.
  path: Assets/Scripts/Game/SaveManager.cs
  artifactKey: Guid(7dc218a2e7d2f4ea6a6d69434a4557f4) Importer(815301076,1909f56bfc062723c751e8b465ee728b)
Start importing Assets/Scripts/Game/SaveManager.cs using Guid(7dc218a2e7d2f4ea6a6d69434a4557f4) Importer(815301076,1909f56bfc062723c751e8b465ee728b)  -> (artifact id: '33a217168b3651797a1fd725bd189d28') in 0.006272 seconds
  Import took 0.011532 seconds .

========================================================================
Received Import Request.
  Time since last request: 6.939245 seconds.
  path: Assets/Scripts/Game/NewBehaviourScript.cs
  artifactKey: Guid(546d26482c4d1439bbf1d2692f8e55da) Importer(815301076,1909f56bfc062723c751e8b465ee728b)
Start importing Assets/Scripts/Game/NewBehaviourScript.cs using Guid(546d26482c4d1439bbf1d2692f8e55da) Importer(815301076,1909f56bfc062723c751e8b465ee728b)  -> (artifact id: '57ea3f9d540802eaa7f281417902a561') in 0.003476 seconds
  Import took 0.008134 seconds .

========================================================================
Received Import Request.
  Time since last request: 0.000398 seconds.
  path: Assets/Scripts/Game/NewBehaviourScript.cs
  artifactKey: Guid(546d26482c4d1439bbf1d2692f8e55da) Importer(815301076,1909f56bfc062723c751e8b465ee728b)
Start importing Assets/Scripts/Game/NewBehaviourScript.cs using Guid(546d26482c4d1439bbf1d2692f8e55da) Importer(815301076,1909f56bfc062723c751e8b465ee728b)  -> (artifact id: '57ea3f9d540802eaa7f281417902a561') in 0.002409 seconds
  Import took 0.007004 seconds .

========================================================================
Received Import Request.
  Time since last request: 17.015405 seconds.
  path: Assets/Scripts/Game/SaveData.cs
  artifactKey: Guid(ef1c4e55c50c3432e8cdd15ef42d20da) Importer(815301076,1909f56bfc062723c751e8b465ee728b)
Start importing Assets/Scripts/Game/SaveData.cs using Guid(ef1c4e55c50c3432e8cdd15ef42d20da) Importer(815301076,1909f56bfc062723c751e8b465ee728b)  -> (artifact id: '287190d36f635bb35ca195d7ca253d15') in 0.003034 seconds
  Import took 0.009078 seconds .

========================================================================
Received Import Request.
  Time since last request: 0.000966 seconds.
  path: Assets/Scripts/Game/SaveData.cs
  artifactKey: Guid(ef1c4e55c50c3432e8cdd15ef42d20da) Importer(815301076,1909f56bfc062723c751e8b465ee728b)
Start importing Assets/Scripts/Game/SaveData.cs using Guid(ef1c4e55c50c3432e8cdd15ef42d20da) Importer(815301076,1909f56bfc062723c751e8b465ee728b)  -> (artifact id: '287190d36f635bb35ca195d7ca253d15') in 0.001857 seconds
  Import took 0.005760 seconds .

========================================================================
Received Prepare
Registering precompiled user dll's ...
Registered in 0.001999 seconds.
Begin MonoManager ReloadAssembly
Native extension for WindowsStandalone target not found
Native extension for OSXStandalone target not found
Refreshing native plugins compatible for Editor in 0.51 ms, found 2 plugins.
Preloading 0 native plugins for Editor in 0.00 ms.
Mono: successfully reloaded assembly
- Completed reload, in  1.409 seconds
Platform modules already initialized, skipping
Refreshing native plugins compatible for Editor in 0.44 ms, found 2 plugins.
Preloading 0 native plugins for Editor in 0.00 ms.
Unloading 1836 Unused Serialized files (Serialized files now loaded: 0)
System memory in use before: 165.3 MB.
System memory in use after: 165.5 MB.

Unloading 7 unused Assets to reduce memory usage. Loaded Objects now: 2356.
Total: 2.367499 ms (FindLiveObjects: 0.276941 ms CreateObjectMapping: 0.081004 ms MarkObjects: 1.972084 ms  DeleteObjects: 0.036272 ms)

========================================================================
Received Import Request.
  Time since last request: 51.146585 seconds.
  path: Assets/Scripts/Game/SaveData.cs
  artifactKey: Guid(ef1c4e55c50c3432e8cdd15ef42d20da) Importer(815301076,1909f56bfc062723c751e8b465ee728b)
Start importing Assets/Scripts/Game/SaveData.cs using Guid(ef1c4e55c50c3432e8cdd15ef42d20da) Importer(815301076,1909f56bfc062723c751e8b465ee728b)  -> (artifact id: '08ab63debf6414cd0dc47da911846ceb') in 0.005637 seconds
  Import took 0.010624 seconds .

========================================================================
Received Prepare
Registering precompiled user dll's ...
Registered in 0.000575 seconds.
Begin MonoManager ReloadAssembly
Native extension for WindowsStandalone target not found
Native extension for OSXStandalone target not found
Refreshing native plugins compatible for Editor in 0.49 ms, found 2 plugins.
Preloading 0 native plugins for Editor in 0.00 ms.
Mono: successfully reloaded assembly
- Completed reload, in  1.235 seconds
Platform modules already initialized, skipping
Refreshing native plugins compatible for Editor in 0.39 ms, found 2 plugins.
Preloading 0 native plugins for Editor in 0.00 ms.
Unloading 1837 Unused Serialized files (Serialized files now loaded: 0)
System memory in use before: 165.6 MB.
System memory in use after: 165.7 MB.

Unloading 7 unused Assets to reduce memory usage. Loaded Objects now: 2361.
Total: 2.717157 ms (FindLiveObjects: 0.222782 ms CreateObjectMapping: 0.112425 ms MarkObjects: 2.361922 ms  DeleteObjects: 0.018558 ms)

========================================================================
Received Import Request.
  Time since last request: 12.299371 seconds.
  path: Assets/Scripts/Game/R.cs
  artifactKey: Guid(546d26482c4d1439bbf1d2692f8e55da) Importer(815301076,1909f56bfc062723c751e8b465ee728b)
Start importing Assets/Scripts/Game/R.cs using Guid(546d26482c4d1439bbf1d2692f8e55da) Importer(815301076,1909f56bfc062723c751e8b465ee728b)  -> (artifact id: '76a3efecdde29206e7b546b313fe537d') in 0.004714 seconds
  Import took 0.009130 seconds .

========================================================================
Received Import Request.
  Time since last request: 0.052635 seconds.
  path: Assets/Scripts/Game/R.cs
  artifactKey: Guid(546d26482c4d1439bbf1d2692f8e55da) Importer(815301076,1909f56bfc062723c751e8b465ee728b)
Start importing Assets/Scripts/Game/R.cs using Guid(546d26482c4d1439bbf1d2692f8e55da) Importer(815301076,1909f56bfc062723c751e8b465ee728b)  -> (artifact id: '76a3efecdde29206e7b546b313fe537d') in 0.001744 seconds
  Import took 0.005331 seconds .

========================================================================
Received Prepare
Registering precompiled user dll's ...
Registered in 0.000563 seconds.
Begin MonoManager ReloadAssembly
Native extension for WindowsStandalone target not found
Native extension for OSXStandalone target not found
Refreshing native plugins compatible for Editor in 0.43 ms, found 2 plugins.
Preloading 0 native plugins for Editor in 0.00 ms.
Mono: successfully reloaded assembly
- Completed reload, in  1.225 seconds
Platform modules already initialized, skipping
Refreshing native plugins compatible for Editor in 0.39 ms, found 2 plugins.
Preloading 0 native plugins for Editor in 0.00 ms.
Unloading 1837 Unused Serialized files (Serialized files now loaded: 0)
System memory in use before: 165.8 MB.
System memory in use after: 165.9 MB.

Unloading 7 unused Assets to reduce memory usage. Loaded Objects now: 2365.
Total: 2.400776 ms (FindLiveObjects: 0.184327 ms CreateObjectMapping: 0.133110 ms MarkObjects: 2.065795 ms  DeleteObjects: 0.016271 ms)

========================================================================
Received Import Request.
  Time since last request: 10.882386 seconds.
  path: Assets/Scripts/Game/RankingManager.cs
  artifactKey: Guid(546d26482c4d1439bbf1d2692f8e55da) Importer(815301076,1909f56bfc062723c751e8b465ee728b)
Start importing Assets/Scripts/Game/RankingManager.cs using Guid(546d26482c4d1439bbf1d2692f8e55da) Importer(815301076,1909f56bfc062723c751e8b465ee728b)  -> (artifact id: '2b7c1cdd6620686161ad533f0d87ba88') in 0.005038 seconds
  Import took 0.009693 seconds .

========================================================================
Received Prepare
Registering precompiled user dll's ...
Registered in 0.000758 seconds.
Begin MonoManager ReloadAssembly
Native extension for WindowsStandalone target not found
Native extension for OSXStandalone target not found
Refreshing native plugins compatible for Editor in 0.47 ms, found 2 plugins.
Preloading 0 native plugins for Editor in 0.00 ms.
Mono: successfully reloaded assembly
- Completed reload, in  1.339 seconds
Platform modules already initialized, skipping
Refreshing native plugins compatible for Editor in 0.65 ms, found 2 plugins.
Preloading 0 native plugins for Editor in 0.00 ms.
Unloading 1837 Unused Serialized files (Serialized files now loaded: 0)
System memory in use before: 166.0 MB.
System memory in use after: 166.1 MB.

Unloading 7 unused Assets to reduce memory usage. Loaded Objects now: 2369.
Total: 2.924755 ms (FindLiveObjects: 0.333217 ms CreateObjectMapping: 0.123751 ms MarkObjects: 2.444692 ms  DeleteObjects: 0.021631 ms)

========================================================================
Received Import Request.
  Time since last request: 36.867690 seconds.
  path: Assets/Scripts/Game/RankingManager.cs
  artifactKey: Guid(546d26482c4d1439bbf1d2692f8e55da) Importer(815301076,1909f56bfc062723c751e8b465ee728b)
Start importing Assets/Scripts/Game/RankingManager.cs using Guid(546d26482c4d1439bbf1d2692f8e55da) Importer(815301076,1909f56bfc062723c751e8b465ee728b)  -> (artifact id: 'c5c0f2f6523d2339de239e028a5ccb10') in 0.006271 seconds
  Import took 0.012145 seconds .

========================================================================
Received Import Request.
  Time since last request: 9.890389 seconds.
  path: Assets/Scripts/Game/EventManager.cs
  artifactKey: Guid(763f2ac4dc2954303851679e1005d9f5) Importer(815301076,1909f56bfc062723c751e8b465ee728b)
Start importing Assets/Scripts/Game/EventManager.cs using Guid(763f2ac4dc2954303851679e1005d9f5) Importer(815301076,1909f56bfc062723c751e8b465ee728b)  -> (artifact id: 'fed3d23ce066651d6ae93eef89194319') in 0.003121 seconds
  Import took 0.007899 seconds .

========================================================================
Received Import Request.
  Time since last request: 0.002316 seconds.
  path: Assets/Scripts/Game/EventManager.cs
  artifactKey: Guid(763f2ac4dc2954303851679e1005d9f5) Importer(815301076,1909f56bfc062723c751e8b465ee728b)
Start importing Assets/Scripts/Game/EventManager.cs using Guid(763f2ac4dc2954303851679e1005d9f5) Importer(815301076,1909f56bfc062723c751e8b465ee728b)  -> (artifact id: 'fed3d23ce066651d6ae93eef89194319') in 0.003146 seconds
  Import took 0.006439 seconds .

========================================================================
Received Import Request.
  Time since last request: 23.543352 seconds.
  path: Assets/Scripts/Game/EventManager.cs
  artifactKey: Guid(763f2ac4dc2954303851679e1005d9f5) Importer(815301076,1909f56bfc062723c751e8b465ee728b)
Start importing Assets/Scripts/Game/EventManager.cs using Guid(763f2ac4dc2954303851679e1005d9f5) Importer(815301076,1909f56bfc062723c751e8b465ee728b)  -> (artifact id: '713bf85ccf99624dca2c7304a0e3a5ff') in 0.001529 seconds
  Import took 0.005720 seconds .

========================================================================
Received Import Request.
  Time since last request: 37.375322 seconds.
  path: Assets/Scripts/Game/GameDataBase.cs
  artifactKey: Guid(c42e92ace0e6f4b8cbf3b7b2a26402ab) Importer(815301076,1909f56bfc062723c751e8b465ee728b)
Start importing Assets/Scripts/Game/GameDataBase.cs using Guid(c42e92ace0e6f4b8cbf3b7b2a26402ab) Importer(815301076,1909f56bfc062723c751e8b465ee728b)  -> (artifact id: '0c7ffcd0182d8dbfd5fb83c315dcfa8c') in 0.003826 seconds
  Import took 0.008427 seconds .

========================================================================
Received Import Request.
  Time since last request: 0.000604 seconds.
  path: Assets/Scripts/Game/GameDataBase.cs
  artifactKey: Guid(c42e92ace0e6f4b8cbf3b7b2a26402ab) Importer(815301076,1909f56bfc062723c751e8b465ee728b)
Start importing Assets/Scripts/Game/GameDataBase.cs using Guid(c42e92ace0e6f4b8cbf3b7b2a26402ab) Importer(815301076,1909f56bfc062723c751e8b465ee728b)  -> (artifact id: '0c7ffcd0182d8dbfd5fb83c315dcfa8c') in 0.003740 seconds
  Import took 0.008051 seconds .

========================================================================
Received Import Request.
  Time since last request: 19.195600 seconds.
  path: Assets/Scripts/Game/GameDataBase.cs
  artifactKey: Guid(c42e92ace0e6f4b8cbf3b7b2a26402ab) Importer(815301076,1909f56bfc062723c751e8b465ee728b)
Start importing Assets/Scripts/Game/GameDataBase.cs using Guid(c42e92ace0e6f4b8cbf3b7b2a26402ab) Importer(815301076,1909f56bfc062723c751e8b465ee728b)  -> (artifact id: 'a2741ce32da00f696e5894907d673ec8') in 0.001737 seconds
  Import took 0.007863 seconds .

========================================================================
Received Import Request.
  Time since last request: 14.583678 seconds.
  path: Assets/Scripts/Game/Isave.cs
  artifactKey: Guid(9480e9989a2c440c2b31cdaf2a50ef51) Importer(815301076,1909f56bfc062723c751e8b465ee728b)
Start importing Assets/Scripts/Game/Isave.cs using Guid(9480e9989a2c440c2b31cdaf2a50ef51) Importer(815301076,1909f56bfc062723c751e8b465ee728b)  -> (artifact id: '5ac1182aaaf3f9264e7365088dc1fb1a') in 0.004147 seconds
  Import took 0.008529 seconds .

========================================================================
Received Import Request.
  Time since last request: 0.002092 seconds.
  path: Assets/Scripts/Game/Isave.cs
  artifactKey: Guid(9480e9989a2c440c2b31cdaf2a50ef51) Importer(815301076,1909f56bfc062723c751e8b465ee728b)
Start importing Assets/Scripts/Game/Isave.cs using Guid(9480e9989a2c440c2b31cdaf2a50ef51) Importer(815301076,1909f56bfc062723c751e8b465ee728b)  -> (artifact id: '5ac1182aaaf3f9264e7365088dc1fb1a') in 0.001966 seconds
  Import took 0.006660 seconds .

========================================================================
Received Import Request.
  Time since last request: 8.028835 seconds.
  path: Assets/Scripts/Game/Isave.cs
  artifactKey: Guid(9480e9989a2c440c2b31cdaf2a50ef51) Importer(815301076,1909f56bfc062723c751e8b465ee728b)
Start importing Assets/Scripts/Game/Isave.cs using Guid(9480e9989a2c440c2b31cdaf2a50ef51) Importer(815301076,1909f56bfc062723c751e8b465ee728b)  -> (artifact id: '86bf62967743585a6afe1167722b69f4') in 0.002195 seconds
  Import took 0.007225 seconds .

========================================================================
Received Import Request.
  Time since last request: 52.748244 seconds.
  path: Assets/Scripts/Game/GameManager.cs
  artifactKey: Guid(c3b0e8d2eb35f4115b83407ad4a632a1) Importer(815301076,1909f56bfc062723c751e8b465ee728b)
Start importing Assets/Scripts/Game/GameManager.cs using Guid(c3b0e8d2eb35f4115b83407ad4a632a1) Importer(815301076,1909f56bfc062723c751e8b465ee728b)  -> (artifact id: 'eaf37187d53fc96fbf85355bbc0ed808') in 0.005700 seconds
  Import took 0.011572 seconds .

========================================================================
Received Import Request.
  Time since last request: 0.003490 seconds.
  path: Assets/Scripts/Game/GameManager.cs
  artifactKey: Guid(c3b0e8d2eb35f4115b83407ad4a632a1) Importer(815301076,1909f56bfc062723c751e8b465ee728b)
Start importing Assets/Scripts/Game/GameManager.cs using Guid(c3b0e8d2eb35f4115b83407ad4a632a1) Importer(815301076,1909f56bfc062723c751e8b465ee728b)  -> (artifact id: 'eaf37187d53fc96fbf85355bbc0ed808') in 0.002586 seconds
  Import took 0.007768 seconds .

========================================================================
Received Prepare
Registering precompiled user dll's ...
Registered in 0.002175 seconds.
Begin MonoManager ReloadAssembly
Native extension for WindowsStandalone target not found
Native extension for OSXStandalone target not found
Refreshing native plugins compatible for Editor in 0.53 ms, found 2 plugins.
Preloading 0 native plugins for Editor in 0.00 ms.
Mono: successfully reloaded assembly
- Completed reload, in  1.657 seconds
Platform modules already initialized, skipping
Refreshing native plugins compatible for Editor in 0.44 ms, found 2 plugins.
Preloading 0 native plugins for Editor in 0.00 ms.
Unloading 1841 Unused Serialized files (Serialized files now loaded: 0)
System memory in use before: 166.3 MB.
System memory in use after: 166.4 MB.

Unloading 7 unused Assets to reduce memory usage. Loaded Objects now: 2377.
Total: 2.360797 ms (FindLiveObjects: 0.282352 ms CreateObjectMapping: 0.058662 ms MarkObjects: 1.986384 ms  DeleteObjects: 0.032129 ms)

========================================================================
Received Import Request.
  Time since last request: 51.130940 seconds.
  path: Assets/Scripts/Game/GameManager.cs
  artifactKey: Guid(c3b0e8d2eb35f4115b83407ad4a632a1) Importer(815301076,1909f56bfc062723c751e8b465ee728b)
Start importing Assets/Scripts/Game/GameManager.cs using Guid(c3b0e8d2eb35f4115b83407ad4a632a1) Importer(815301076,1909f56bfc062723c751e8b465ee728b)  -> (artifact id: 'c68b0e0ab630ed9657acc171b8efe16d') in 0.004715 seconds
  Import took 0.009681 seconds .

========================================================================
Received Import Request.
  Time since last request: 685.179244 seconds.
  path: Assets/Datas
  artifactKey: Guid(de7abc91a46f24eaa850e9db21cc1daf) Importer(815301076,1909f56bfc062723c751e8b465ee728b)
Start importing Assets/Datas using Guid(de7abc91a46f24eaa850e9db21cc1daf) Importer(815301076,1909f56bfc062723c751e8b465ee728b)  -> (artifact id: '69836fef5a36a282df5a660b77cfabc2') in 0.005781 seconds
  Import took 0.035101 seconds .

========================================================================
Received Import Request.
  Time since last request: 98.662943 seconds.
  path: Assets/Datas/data.json
  artifactKey: Guid(f87dfccca67b546e19c359a6bbef7bd5) Importer(815301076,1909f56bfc062723c751e8b465ee728b)
Start importing Assets/Datas/data.json using Guid(f87dfccca67b546e19c359a6bbef7bd5) Importer(815301076,1909f56bfc062723c751e8b465ee728b)  -> (artifact id: 'd3f57165090b061e66c5d2be5e46eade') in 2.294107 seconds
  Import took 2.316316 seconds .

