Using pre-set license

 COMMAND LINE ARGUMENTS:
/Applications/Unity/Hub/Editor/2020.3.8f1/Unity.app/Contents/MacOS/Unity
-adb2
-batchMode
-noUpm
-name
AssetImportWorker1
-projectPath
/Users/sekiguchikohei/Documents/Unity/StackBurger
-logFile
Logs/AssetImportWorker1.log
-srvPort
56905
Successfully changed project path to: /Users/sekiguchikohei/Documents/Unity/StackBurger
/Users/sekiguchikohei/Documents/Unity/StackBurger
Using Asset Import Pipeline V2.
Refreshing native plugins compatible for Editor in 51.53 ms, found 2 plugins.
Preloading 0 native plugins for Editor in 0.00 ms.
Initialize engine version: 2020.3.8f1 (507919d4fff5)
[Subsystems] Discovering subsystems at path /Applications/Unity/Hub/Editor/2020.3.8f1/Unity.app/Contents/Resources/UnitySubsystems
[Subsystems] Discovering subsystems at path /Users/sekiguchikohei/Documents/Unity/StackBurger/Assets
GfxDevice: creating device client; threaded=0
2022-02-05 22:39:10.318 Unity[33192:1369451] Color LCD preferred device: Intel(R) Iris(TM) Plus Graphics 655 (low power)
2022-02-05 22:39:10.318 Unity[33192:1369451] Metal devices available: 1
2022-02-05 22:39:10.318 Unity[33192:1369451] 0: Intel(R) Iris(TM) Plus Graphics 655 (low power)
2022-02-05 22:39:10.318 Unity[33192:1369451] Using device Intel(R) Iris(TM) Plus Graphics 655 (low power)
Initializing Metal device caps: Intel(R) Iris(TM) Plus Graphics 655
Initialize mono
Mono path[0] = '/Applications/Unity/Hub/Editor/2020.3.8f1/Unity.app/Contents/Managed'
Mono path[1] = '/Applications/Unity/Hub/Editor/2020.3.8f1/Unity.app/Contents/MonoBleedingEdge/lib/mono/unityjit'
Mono config path = '/Applications/Unity/Hub/Editor/2020.3.8f1/Unity.app/Contents/MonoBleedingEdge/etc'
Using monoOptions --debugger-agent=transport=dt_socket,embedding=1,server=y,suspend=n,address=127.0.0.1:56192
Begin MonoManager ReloadAssembly
Registering precompiled unity dll's ...
Register platform support module: /Applications/Unity/Hub/Editor/2020.3.8f1/Unity.app/Contents/PlaybackEngines/MacStandaloneSupport/UnityEditor.OSXStandalone.Extensions.dll
Register platform support module: /Applications/Unity/Hub/Editor/2020.3.8f1/PlaybackEngines/WindowsStandaloneSupport/UnityEditor.WindowsStandalone.Extensions.dll
Registered in 0.004763 seconds.
Native extension for WindowsStandalone target not found
Native extension for OSXStandalone target not found
Refreshing native plugins compatible for Editor in 45.12 ms, found 2 plugins.
Preloading 0 native plugins for Editor in 0.00 ms.
Mono: successfully reloaded assembly
- Completed reload, in  4.395 seconds
Platform modules already initialized, skipping
Registering precompiled user dll's ...
Registered in 0.001310 seconds.
Begin MonoManager ReloadAssembly
Native extension for WindowsStandalone target not found
Native extension for OSXStandalone target not found
Refreshing native plugins compatible for Editor in 43.64 ms, found 2 plugins.
Preloading 0 native plugins for Editor in 0.00 ms.
Mono: successfully reloaded assembly
- Completed reload, in  1.362 seconds
Platform modules already initialized, skipping
========================================================================
Worker process is ready to serve import requests
Launching external process: /Applications/Unity/Hub/Editor/2020.3.8f1/Unity.app/Contents/Tools/UnityShaderCompiler
Launched and connected shader compiler UnityShaderCompiler after 0.02 seconds
Refreshing native plugins compatible for Editor in 0.40 ms, found 2 plugins.
Preloading 0 native plugins for Editor in 0.00 ms.
Unloading 1856 Unused Serialized files (Serialized files now loaded: 0)
System memory in use before: 152.6 MB.
System memory in use after: 152.7 MB.

Unloading 18 unused Assets to reduce memory usage. Loaded Objects now: 2306.
Total: 2.114574 ms (FindLiveObjects: 0.190396 ms CreateObjectMapping: 0.061814 ms MarkObjects: 1.830498 ms  DeleteObjects: 0.030932 ms)

========================================================================
Received Import Request.
  path: Assets/Scripts/Game/SelectCustomer.cs
  artifactKey: Guid(f7e43176ed9b44c3fbd54f70e232b3f9) Importer(815301076,1909f56bfc062723c751e8b465ee728b)
Start importing Assets/Scripts/Game/SelectCustomer.cs using Guid(f7e43176ed9b44c3fbd54f70e232b3f9) Importer(815301076,1909f56bfc062723c751e8b465ee728b)  -> (artifact id: '46d692c58396385997f44024c6af8bce') in 0.584131 seconds
  Import took 0.590032 seconds .

========================================================================
Received Prepare
Registering precompiled user dll's ...
Registered in 0.004725 seconds.
Begin MonoManager ReloadAssembly
Native extension for WindowsStandalone target not found
Native extension for OSXStandalone target not found
Refreshing native plugins compatible for Editor in 2.58 ms, found 2 plugins.
Preloading 0 native plugins for Editor in 0.00 ms.
Mono: successfully reloaded assembly
- Completed reload, in  3.447 seconds
Platform modules already initialized, skipping
Refreshing native plugins compatible for Editor in 1.66 ms, found 2 plugins.
Preloading 0 native plugins for Editor in 0.00 ms.
Unloading 1846 Unused Serialized files (Serialized files now loaded: 0)
System memory in use before: 156.8 MB.
System memory in use after: 157.0 MB.

Unloading 7 unused Assets to reduce memory usage. Loaded Objects now: 2310.
Total: 9.496287 ms (FindLiveObjects: 0.885868 ms CreateObjectMapping: 0.196486 ms MarkObjects: 8.301380 ms  DeleteObjects: 0.110667 ms)

========================================================================
Received Prepare
Registering precompiled user dll's ...
Registered in 0.001302 seconds.
Begin MonoManager ReloadAssembly
Native extension for WindowsStandalone target not found
Native extension for OSXStandalone target not found
Refreshing native plugins compatible for Editor in 0.70 ms, found 2 plugins.
Preloading 0 native plugins for Editor in 0.00 ms.
Mono: successfully reloaded assembly
- Completed reload, in  1.609 seconds
Platform modules already initialized, skipping
Refreshing native plugins compatible for Editor in 0.43 ms, found 2 plugins.
Preloading 0 native plugins for Editor in 0.00 ms.
Unloading 1846 Unused Serialized files (Serialized files now loaded: 0)
System memory in use before: 157.1 MB.
System memory in use after: 157.2 MB.

Unloading 7 unused Assets to reduce memory usage. Loaded Objects now: 2314.
Total: 2.363893 ms (FindLiveObjects: 0.271977 ms CreateObjectMapping: 0.114140 ms MarkObjects: 1.949130 ms  DeleteObjects: 0.027623 ms)

========================================================================
Received Prepare
Registering precompiled user dll's ...
Registered in 0.002030 seconds.
Begin MonoManager ReloadAssembly
Native extension for WindowsStandalone target not found
Native extension for OSXStandalone target not found
Refreshing native plugins compatible for Editor in 0.45 ms, found 2 plugins.
Preloading 0 native plugins for Editor in 0.00 ms.
Mono: successfully reloaded assembly
- Completed reload, in  1.307 seconds
Platform modules already initialized, skipping
Refreshing native plugins compatible for Editor in 0.53 ms, found 2 plugins.
Preloading 0 native plugins for Editor in 0.00 ms.
Unloading 1846 Unused Serialized files (Serialized files now loaded: 0)
System memory in use before: 157.3 MB.
System memory in use after: 157.4 MB.

Unloading 7 unused Assets to reduce memory usage. Loaded Objects now: 2318.
Total: 5.967826 ms (FindLiveObjects: 0.272068 ms CreateObjectMapping: 0.107748 ms MarkObjects: 2.370774 ms  DeleteObjects: 3.215459 ms)

========================================================================
Received Prepare
Registering precompiled user dll's ...
Registered in 0.001118 seconds.
Begin MonoManager ReloadAssembly
Native extension for WindowsStandalone target not found
Native extension for OSXStandalone target not found
Refreshing native plugins compatible for Editor in 1.18 ms, found 2 plugins.
Preloading 0 native plugins for Editor in 0.00 ms.
Mono: successfully reloaded assembly
- Completed reload, in  1.719 seconds
Platform modules already initialized, skipping
Refreshing native plugins compatible for Editor in 0.40 ms, found 2 plugins.
Preloading 0 native plugins for Editor in 0.00 ms.
Unloading 1846 Unused Serialized files (Serialized files now loaded: 0)
System memory in use before: 157.5 MB.
System memory in use after: 157.6 MB.

Unloading 7 unused Assets to reduce memory usage. Loaded Objects now: 2322.
Total: 2.099138 ms (FindLiveObjects: 0.245549 ms CreateObjectMapping: 0.061390 ms MarkObjects: 1.776889 ms  DeleteObjects: 0.014357 ms)

========================================================================
Received Prepare
Registering precompiled user dll's ...
Registered in 0.008952 seconds.
Begin MonoManager ReloadAssembly
Native extension for WindowsStandalone target not found
Native extension for OSXStandalone target not found
Refreshing native plugins compatible for Editor in 0.47 ms, found 2 plugins.
Preloading 0 native plugins for Editor in 0.00 ms.
Mono: successfully reloaded assembly
- Completed reload, in  1.270 seconds
Platform modules already initialized, skipping
Refreshing native plugins compatible for Editor in 0.42 ms, found 2 plugins.
Preloading 0 native plugins for Editor in 0.00 ms.
Unloading 1846 Unused Serialized files (Serialized files now loaded: 0)
System memory in use before: 157.7 MB.
System memory in use after: 157.8 MB.

Unloading 7 unused Assets to reduce memory usage. Loaded Objects now: 2326.
Total: 2.154569 ms (FindLiveObjects: 0.208368 ms CreateObjectMapping: 0.069023 ms MarkObjects: 1.849984 ms  DeleteObjects: 0.026404 ms)

========================================================================
Received Prepare
Registering precompiled user dll's ...
Registered in 0.001105 seconds.
Begin MonoManager ReloadAssembly
Native extension for WindowsStandalone target not found
Native extension for OSXStandalone target not found
Refreshing native plugins compatible for Editor in 0.42 ms, found 2 plugins.
Preloading 0 native plugins for Editor in 0.00 ms.
Mono: successfully reloaded assembly
- Completed reload, in  1.269 seconds
Platform modules already initialized, skipping
Refreshing native plugins compatible for Editor in 0.43 ms, found 2 plugins.
Preloading 0 native plugins for Editor in 0.00 ms.
Unloading 1846 Unused Serialized files (Serialized files now loaded: 0)
System memory in use before: 157.9 MB.
System memory in use after: 158.0 MB.

Unloading 7 unused Assets to reduce memory usage. Loaded Objects now: 2330.
Total: 2.861877 ms (FindLiveObjects: 0.195782 ms CreateObjectMapping: 0.063120 ms MarkObjects: 1.708798 ms  DeleteObjects: 0.893327 ms)

========================================================================
Received Prepare
Registering precompiled user dll's ...
Registered in 0.001454 seconds.
Begin MonoManager ReloadAssembly
Native extension for WindowsStandalone target not found
Native extension for OSXStandalone target not found
Refreshing native plugins compatible for Editor in 6.79 ms, found 2 plugins.
Preloading 0 native plugins for Editor in 0.00 ms.
Mono: successfully reloaded assembly
- Completed reload, in  2.452 seconds
Platform modules already initialized, skipping
Refreshing native plugins compatible for Editor in 1.62 ms, found 2 plugins.
Preloading 0 native plugins for Editor in 0.00 ms.
Unloading 1846 Unused Serialized files (Serialized files now loaded: 0)
System memory in use before: 158.1 MB.
System memory in use after: 158.3 MB.

Unloading 7 unused Assets to reduce memory usage. Loaded Objects now: 2334.
Total: 4.866272 ms (FindLiveObjects: 0.601936 ms CreateObjectMapping: 0.273813 ms MarkObjects: 3.935779 ms  DeleteObjects: 0.051632 ms)

========================================================================
Received Import Request.
  Time since last request: 287.588337 seconds.
  path: Assets/Scripts/Game/SelectCustomer.cs
  artifactKey: Guid(f7e43176ed9b44c3fbd54f70e232b3f9) Importer(815301076,1909f56bfc062723c751e8b465ee728b)
Start importing Assets/Scripts/Game/SelectCustomer.cs using Guid(f7e43176ed9b44c3fbd54f70e232b3f9) Importer(815301076,1909f56bfc062723c751e8b465ee728b)  -> (artifact id: '7d3e0d7e3144d6ea6f0729e3a16d135d') in 0.191708 seconds
  Import took 0.228640 seconds .

========================================================================
Received Import Request.
  Time since last request: 0.208034 seconds.
  path: Assets/Scripts/Game/SelectCustomer.cs
  artifactKey: Guid(f7e43176ed9b44c3fbd54f70e232b3f9) Importer(815301076,1909f56bfc062723c751e8b465ee728b)
Start importing Assets/Scripts/Game/SelectCustomer.cs using Guid(f7e43176ed9b44c3fbd54f70e232b3f9) Importer(815301076,1909f56bfc062723c751e8b465ee728b)  -> (artifact id: '7d3e0d7e3144d6ea6f0729e3a16d135d') in 0.009205 seconds
  Import took 0.016935 seconds .

========================================================================
Received Prepare
Registering precompiled user dll's ...
Registered in 0.001693 seconds.
Begin MonoManager ReloadAssembly
Native extension for WindowsStandalone target not found
Native extension for OSXStandalone target not found
Refreshing native plugins compatible for Editor in 0.79 ms, found 2 plugins.
Preloading 0 native plugins for Editor in 0.00 ms.
Mono: successfully reloaded assembly
- Completed reload, in  1.454 seconds
Platform modules already initialized, skipping
Refreshing native plugins compatible for Editor in 0.81 ms, found 2 plugins.
Preloading 0 native plugins for Editor in 0.01 ms.
Unloading 1846 Unused Serialized files (Serialized files now loaded: 0)
System memory in use before: 158.3 MB.
System memory in use after: 158.5 MB.

Unloading 7 unused Assets to reduce memory usage. Loaded Objects now: 2338.
Total: 3.042677 ms (FindLiveObjects: 0.342498 ms CreateObjectMapping: 0.106053 ms MarkObjects: 2.086795 ms  DeleteObjects: 0.506222 ms)

========================================================================
Received Prepare
Registering precompiled user dll's ...
Registered in 0.001080 seconds.
Begin MonoManager ReloadAssembly
Native extension for WindowsStandalone target not found
Native extension for OSXStandalone target not found
Refreshing native plugins compatible for Editor in 0.50 ms, found 2 plugins.
Preloading 0 native plugins for Editor in 0.00 ms.
Mono: successfully reloaded assembly
- Completed reload, in  1.335 seconds
Platform modules already initialized, skipping
Refreshing native plugins compatible for Editor in 0.42 ms, found 2 plugins.
Preloading 0 native plugins for Editor in 0.00 ms.
Unloading 1846 Unused Serialized files (Serialized files now loaded: 0)
System memory in use before: 158.6 MB.
System memory in use after: 158.7 MB.

Unloading 7 unused Assets to reduce memory usage. Loaded Objects now: 2342.
Total: 2.733858 ms (FindLiveObjects: 0.194076 ms CreateObjectMapping: 0.060301 ms MarkObjects: 1.838027 ms  DeleteObjects: 0.640256 ms)

========================================================================
Received Import Request.
  Time since last request: 109.829021 seconds.
  path: Assets/Scripts/Game/SelectCustomer.cs
  artifactKey: Guid(f7e43176ed9b44c3fbd54f70e232b3f9) Importer(815301076,1909f56bfc062723c751e8b465ee728b)
Start importing Assets/Scripts/Game/SelectCustomer.cs using Guid(f7e43176ed9b44c3fbd54f70e232b3f9) Importer(815301076,1909f56bfc062723c751e8b465ee728b)  -> (artifact id: '975a8e5bd7ed871d402eeadf89795fad') in 0.015920 seconds
  Import took 0.021808 seconds .

========================================================================
Received Import Request.
  Time since last request: 0.057729 seconds.
  path: Assets/Scripts/Game/SelectCustomer.cs
  artifactKey: Guid(f7e43176ed9b44c3fbd54f70e232b3f9) Importer(815301076,1909f56bfc062723c751e8b465ee728b)
Start importing Assets/Scripts/Game/SelectCustomer.cs using Guid(f7e43176ed9b44c3fbd54f70e232b3f9) Importer(815301076,1909f56bfc062723c751e8b465ee728b)  -> (artifact id: '975a8e5bd7ed871d402eeadf89795fad') in 0.003748 seconds
  Import took 0.007330 seconds .

========================================================================
Received Prepare
Registering precompiled user dll's ...
Registered in 0.002423 seconds.
Begin MonoManager ReloadAssembly
Native extension for WindowsStandalone target not found
Native extension for OSXStandalone target not found
Refreshing native plugins compatible for Editor in 0.43 ms, found 2 plugins.
Preloading 0 native plugins for Editor in 0.00 ms.
Mono: successfully reloaded assembly
- Completed reload, in  1.241 seconds
Platform modules already initialized, skipping
Refreshing native plugins compatible for Editor in 0.42 ms, found 2 plugins.
Preloading 0 native plugins for Editor in 0.00 ms.
Unloading 1846 Unused Serialized files (Serialized files now loaded: 0)
System memory in use before: 158.8 MB.
System memory in use after: 158.9 MB.

Unloading 7 unused Assets to reduce memory usage. Loaded Objects now: 2346.
Total: 2.857572 ms (FindLiveObjects: 0.186677 ms CreateObjectMapping: 0.078605 ms MarkObjects: 2.202516 ms  DeleteObjects: 0.388791 ms)

========================================================================
Received Prepare
Registering precompiled user dll's ...
Registered in 0.000583 seconds.
Begin MonoManager ReloadAssembly
Native extension for WindowsStandalone target not found
Native extension for OSXStandalone target not found
Refreshing native plugins compatible for Editor in 0.43 ms, found 2 plugins.
Preloading 0 native plugins for Editor in 0.00 ms.
Mono: successfully reloaded assembly
- Completed reload, in  1.329 seconds
Platform modules already initialized, skipping
Refreshing native plugins compatible for Editor in 0.59 ms, found 2 plugins.
Preloading 0 native plugins for Editor in 0.00 ms.
Unloading 1846 Unused Serialized files (Serialized files now loaded: 0)
System memory in use before: 159.0 MB.
System memory in use after: 159.1 MB.

Unloading 7 unused Assets to reduce memory usage. Loaded Objects now: 2350.
Total: 2.752754 ms (FindLiveObjects: 0.271859 ms CreateObjectMapping: 0.073028 ms MarkObjects: 1.905852 ms  DeleteObjects: 0.501073 ms)

========================================================================
Received Import Request.
  Time since last request: 76.459817 seconds.
  path: Assets/Scripts/Game/SelectCustomer.cs
  artifactKey: Guid(f7e43176ed9b44c3fbd54f70e232b3f9) Importer(815301076,1909f56bfc062723c751e8b465ee728b)
Start importing Assets/Scripts/Game/SelectCustomer.cs using Guid(f7e43176ed9b44c3fbd54f70e232b3f9) Importer(815301076,1909f56bfc062723c751e8b465ee728b)  -> (artifact id: '8eca51ae47babc7dca38f1409bfd214e') in 0.007328 seconds
  Import took 0.011226 seconds .

========================================================================
Received Import Request.
  Time since last request: 0.002537 seconds.
  path: Assets/Scripts/Game/SelectCustomer.cs
  artifactKey: Guid(f7e43176ed9b44c3fbd54f70e232b3f9) Importer(815301076,1909f56bfc062723c751e8b465ee728b)
Start importing Assets/Scripts/Game/SelectCustomer.cs using Guid(f7e43176ed9b44c3fbd54f70e232b3f9) Importer(815301076,1909f56bfc062723c751e8b465ee728b)  -> (artifact id: '8eca51ae47babc7dca38f1409bfd214e') in 0.003657 seconds
  Import took 0.007896 seconds .

========================================================================
Received Prepare
Registering precompiled user dll's ...
Registered in 0.001633 seconds.
Begin MonoManager ReloadAssembly
Native extension for WindowsStandalone target not found
Native extension for OSXStandalone target not found
Refreshing native plugins compatible for Editor in 0.45 ms, found 2 plugins.
Preloading 0 native plugins for Editor in 0.00 ms.
Mono: successfully reloaded assembly
- Completed reload, in  1.283 seconds
Platform modules already initialized, skipping
Refreshing native plugins compatible for Editor in 0.38 ms, found 2 plugins.
Preloading 0 native plugins for Editor in 0.00 ms.
Unloading 1846 Unused Serialized files (Serialized files now loaded: 0)
System memory in use before: 159.2 MB.
System memory in use after: 159.3 MB.

Unloading 7 unused Assets to reduce memory usage. Loaded Objects now: 2354.
Total: 2.875959 ms (FindLiveObjects: 0.187837 ms CreateObjectMapping: 0.059538 ms MarkObjects: 1.737723 ms  DeleteObjects: 0.889972 ms)

========================================================================
Received Prepare
Registering precompiled user dll's ...
Registered in 0.000797 seconds.
Begin MonoManager ReloadAssembly
Native extension for WindowsStandalone target not found
Native extension for OSXStandalone target not found
Refreshing native plugins compatible for Editor in 0.55 ms, found 2 plugins.
Preloading 0 native plugins for Editor in 0.00 ms.
Mono: successfully reloaded assembly
- Completed reload, in  1.674 seconds
Platform modules already initialized, skipping
Refreshing native plugins compatible for Editor in 0.46 ms, found 2 plugins.
Preloading 0 native plugins for Editor in 0.00 ms.
Unloading 1846 Unused Serialized files (Serialized files now loaded: 0)
System memory in use before: 159.4 MB.
System memory in use after: 159.5 MB.

Unloading 7 unused Assets to reduce memory usage. Loaded Objects now: 2358.
Total: 5.639510 ms (FindLiveObjects: 0.666192 ms CreateObjectMapping: 0.156571 ms MarkObjects: 4.243903 ms  DeleteObjects: 0.571565 ms)

========================================================================
Received Import Request.
  Time since last request: 49.275095 seconds.
  path: Assets/Scripts/Game/SelectCustomer.cs
  artifactKey: Guid(f7e43176ed9b44c3fbd54f70e232b3f9) Importer(815301076,1909f56bfc062723c751e8b465ee728b)
Start importing Assets/Scripts/Game/SelectCustomer.cs using Guid(f7e43176ed9b44c3fbd54f70e232b3f9) Importer(815301076,1909f56bfc062723c751e8b465ee728b)  -> (artifact id: '842537840f6cadd192675c686ef3cd21') in 0.015309 seconds
  Import took 0.019446 seconds .

========================================================================
Received Prepare
Registering precompiled user dll's ...
Registered in 0.001467 seconds.
Begin MonoManager ReloadAssembly
Native extension for WindowsStandalone target not found
Native extension for OSXStandalone target not found
Refreshing native plugins compatible for Editor in 0.47 ms, found 2 plugins.
Preloading 0 native plugins for Editor in 0.00 ms.
Mono: successfully reloaded assembly
- Completed reload, in  1.826 seconds
Platform modules already initialized, skipping
Refreshing native plugins compatible for Editor in 0.78 ms, found 2 plugins.
Preloading 0 native plugins for Editor in 0.00 ms.
Unloading 1846 Unused Serialized files (Serialized files now loaded: 0)
System memory in use before: 159.6 MB.
System memory in use after: 159.7 MB.

Unloading 7 unused Assets to reduce memory usage. Loaded Objects now: 2362.
Total: 6.363173 ms (FindLiveObjects: 2.051814 ms CreateObjectMapping: 0.193436 ms MarkObjects: 4.073833 ms  DeleteObjects: 0.042243 ms)

========================================================================
Received Import Request.
  Time since last request: 137.694337 seconds.
  path: Assets/Scripts/Game/SelectCustomer.cs
  artifactKey: Guid(f7e43176ed9b44c3fbd54f70e232b3f9) Importer(815301076,1909f56bfc062723c751e8b465ee728b)
Start importing Assets/Scripts/Game/SelectCustomer.cs using Guid(f7e43176ed9b44c3fbd54f70e232b3f9) Importer(815301076,1909f56bfc062723c751e8b465ee728b)  -> (artifact id: '671384292df7d20df6b5086cc561a096') in 0.023062 seconds
  Import took 0.028170 seconds .

========================================================================
Received Import Request.
  Time since last request: 1.063444 seconds.
  path: Assets/Scripts/Game/SelectCustomer.cs
  artifactKey: Guid(f7e43176ed9b44c3fbd54f70e232b3f9) Importer(815301076,1909f56bfc062723c751e8b465ee728b)
Start importing Assets/Scripts/Game/SelectCustomer.cs using Guid(f7e43176ed9b44c3fbd54f70e232b3f9) Importer(815301076,1909f56bfc062723c751e8b465ee728b)  -> (artifact id: '671384292df7d20df6b5086cc561a096') in 0.004647 seconds
  Import took 0.008842 seconds .

========================================================================
Received Prepare
Registering precompiled user dll's ...
Registered in 0.000779 seconds.
Begin MonoManager ReloadAssembly
Native extension for WindowsStandalone target not found
Native extension for OSXStandalone target not found
Refreshing native plugins compatible for Editor in 4.08 ms, found 2 plugins.
Preloading 0 native plugins for Editor in 0.00 ms.
Mono: successfully reloaded assembly
- Completed reload, in  3.073 seconds
Platform modules already initialized, skipping
Refreshing native plugins compatible for Editor in 0.52 ms, found 2 plugins.
Preloading 0 native plugins for Editor in 0.00 ms.
Unloading 1846 Unused Serialized files (Serialized files now loaded: 0)
System memory in use before: 159.8 MB.
System memory in use after: 159.9 MB.

Unloading 7 unused Assets to reduce memory usage. Loaded Objects now: 2366.
Total: 15.816158 ms (FindLiveObjects: 1.319645 ms CreateObjectMapping: 0.373635 ms MarkObjects: 12.389659 ms  DeleteObjects: 1.731470 ms)

========================================================================
Received Import Request.
  Time since last request: 182.492755 seconds.
  path: Assets/Scripts/Game/StackScript.cs
  artifactKey: Guid(2f86d5e2c2edd45f799f119661229a58) Importer(815301076,1909f56bfc062723c751e8b465ee728b)
Start importing Assets/Scripts/Game/StackScript.cs using Guid(2f86d5e2c2edd45f799f119661229a58) Importer(815301076,1909f56bfc062723c751e8b465ee728b)  -> (artifact id: 'ed3630d001a94877213952d87a902dc0') in 0.116309 seconds
  Import took 0.206797 seconds .

========================================================================
Received Prepare
Registering precompiled user dll's ...
Registered in 0.000791 seconds.
Begin MonoManager ReloadAssembly
Native extension for WindowsStandalone target not found
Native extension for OSXStandalone target not found
Refreshing native plugins compatible for Editor in 0.46 ms, found 2 plugins.
Preloading 0 native plugins for Editor in 0.00 ms.
Mono: successfully reloaded assembly
- Completed reload, in  1.766 seconds
Platform modules already initialized, skipping
Refreshing native plugins compatible for Editor in 0.43 ms, found 2 plugins.
Preloading 0 native plugins for Editor in 0.00 ms.
Unloading 1846 Unused Serialized files (Serialized files now loaded: 0)
System memory in use before: 160.0 MB.
System memory in use after: 160.1 MB.

Unloading 7 unused Assets to reduce memory usage. Loaded Objects now: 2370.
Total: 3.255781 ms (FindLiveObjects: 0.427750 ms CreateObjectMapping: 0.116690 ms MarkObjects: 2.681218 ms  DeleteObjects: 0.029178 ms)

========================================================================
Received Import Request.
  Time since last request: 197.911994 seconds.
  path: Assets/Scripts/Game/StackScript.cs
  artifactKey: Guid(2f86d5e2c2edd45f799f119661229a58) Importer(815301076,1909f56bfc062723c751e8b465ee728b)
Start importing Assets/Scripts/Game/StackScript.cs using Guid(2f86d5e2c2edd45f799f119661229a58) Importer(815301076,1909f56bfc062723c751e8b465ee728b)  -> (artifact id: '6ac45a6a014fc3c3ace2ff5213fd3e78') in 0.014700 seconds
  Import took 0.023056 seconds .

========================================================================
Received Import Request.
  Time since last request: 10.552654 seconds.
  path: Assets/Scripts/Game/PlateScript.cs
  artifactKey: Guid(2f86d5e2c2edd45f799f119661229a58) Importer(815301076,1909f56bfc062723c751e8b465ee728b)
Start importing Assets/Scripts/Game/PlateScript.cs using Guid(2f86d5e2c2edd45f799f119661229a58) Importer(815301076,1909f56bfc062723c751e8b465ee728b)  -> (artifact id: '207ca5656a4f76249b9fd439e6a8dd1e') in 0.004465 seconds
  Import took 0.008184 seconds .

========================================================================
Received Prepare
Registering precompiled user dll's ...
Registered in 0.000556 seconds.
Begin MonoManager ReloadAssembly
Native extension for WindowsStandalone target not found
Native extension for OSXStandalone target not found
Refreshing native plugins compatible for Editor in 0.53 ms, found 2 plugins.
Preloading 0 native plugins for Editor in 0.00 ms.
Mono: successfully reloaded assembly
- Completed reload, in  1.555 seconds
Platform modules already initialized, skipping
Refreshing native plugins compatible for Editor in 0.54 ms, found 2 plugins.
Preloading 0 native plugins for Editor in 0.00 ms.
Unloading 1846 Unused Serialized files (Serialized files now loaded: 0)
System memory in use before: 160.2 MB.
System memory in use after: 160.3 MB.

Unloading 7 unused Assets to reduce memory usage. Loaded Objects now: 2374.
Total: 3.559668 ms (FindLiveObjects: 0.184124 ms CreateObjectMapping: 0.061596 ms MarkObjects: 2.344781 ms  DeleteObjects: 0.967977 ms)

========================================================================
Received Prepare
Registering precompiled user dll's ...
Registered in 0.001610 seconds.
Begin MonoManager ReloadAssembly
Native extension for WindowsStandalone target not found
Native extension for OSXStandalone target not found
Refreshing native plugins compatible for Editor in 3.90 ms, found 2 plugins.
Preloading 0 native plugins for Editor in 0.00 ms.
Mono: successfully reloaded assembly
- Completed reload, in  2.740 seconds
Platform modules already initialized, skipping
Refreshing native plugins compatible for Editor in 0.45 ms, found 2 plugins.
Preloading 0 native plugins for Editor in 0.00 ms.
Unloading 1846 Unused Serialized files (Serialized files now loaded: 0)
System memory in use before: 160.4 MB.
System memory in use after: 160.5 MB.

Unloading 7 unused Assets to reduce memory usage. Loaded Objects now: 2378.
Total: 5.833771 ms (FindLiveObjects: 0.409925 ms CreateObjectMapping: 0.172778 ms MarkObjects: 4.257035 ms  DeleteObjects: 0.992412 ms)

========================================================================
Received Import Request.
  Time since last request: 575.319456 seconds.
  path: Assets/Scenes/Title.unity
  artifactKey: Guid(5b68d3fb958ae426e9324d55a4672ce5) Importer(815301076,1909f56bfc062723c751e8b465ee728b)
Start importing Assets/Scenes/Title.unity using Guid(5b68d3fb958ae426e9324d55a4672ce5) Importer(815301076,1909f56bfc062723c751e8b465ee728b)  -> (artifact id: '2468f293e96a88481ca59835db7b48ea') in 0.582751 seconds
  Import took 0.857830 seconds .

========================================================================
Received Prepare
Registering precompiled user dll's ...
Registered in 0.001574 seconds.
Begin MonoManager ReloadAssembly
Native extension for WindowsStandalone target not found
Native extension for OSXStandalone target not found
Refreshing native plugins compatible for Editor in 2.13 ms, found 2 plugins.
Preloading 0 native plugins for Editor in 0.00 ms.
Mono: successfully reloaded assembly
- Completed reload, in  2.598 seconds
Platform modules already initialized, skipping
Refreshing native plugins compatible for Editor in 0.63 ms, found 2 plugins.
Preloading 0 native plugins for Editor in 0.00 ms.
Unloading 1846 Unused Serialized files (Serialized files now loaded: 0)
System memory in use before: 160.7 MB.
System memory in use after: 160.8 MB.

Unloading 7 unused Assets to reduce memory usage. Loaded Objects now: 2382.
Total: 4.596590 ms (FindLiveObjects: 0.460239 ms CreateObjectMapping: 0.246638 ms MarkObjects: 3.058660 ms  DeleteObjects: 0.829572 ms)

========================================================================
Received Prepare
Registering precompiled user dll's ...
Registered in 0.001684 seconds.
Begin MonoManager ReloadAssembly
Native extension for WindowsStandalone target not found
Native extension for OSXStandalone target not found
Refreshing native plugins compatible for Editor in 0.49 ms, found 2 plugins.
Preloading 0 native plugins for Editor in 0.00 ms.
Mono: successfully reloaded assembly
- Completed reload, in  2.001 seconds
Platform modules already initialized, skipping
Refreshing native plugins compatible for Editor in 0.57 ms, found 2 plugins.
Preloading 0 native plugins for Editor in 0.00 ms.
Unloading 1846 Unused Serialized files (Serialized files now loaded: 0)
System memory in use before: 160.9 MB.
System memory in use after: 161.0 MB.

Unloading 7 unused Assets to reduce memory usage. Loaded Objects now: 2386.
Total: 6.644148 ms (FindLiveObjects: 1.159654 ms CreateObjectMapping: 0.169673 ms MarkObjects: 2.855040 ms  DeleteObjects: 2.458175 ms)

========================================================================
Received Prepare
Registering precompiled user dll's ...
Registered in 0.001187 seconds.
Begin MonoManager ReloadAssembly
Native extension for WindowsStandalone target not found
Native extension for OSXStandalone target not found
Refreshing native plugins compatible for Editor in 0.57 ms, found 2 plugins.
Preloading 0 native plugins for Editor in 0.00 ms.
Mono: successfully reloaded assembly
- Completed reload, in  1.710 seconds
Platform modules already initialized, skipping
Refreshing native plugins compatible for Editor in 0.56 ms, found 2 plugins.
Preloading 0 native plugins for Editor in 0.00 ms.
Unloading 1846 Unused Serialized files (Serialized files now loaded: 0)
System memory in use before: 161.1 MB.
System memory in use after: 161.2 MB.

Unloading 7 unused Assets to reduce memory usage. Loaded Objects now: 2390.
Total: 4.529429 ms (FindLiveObjects: 1.646768 ms CreateObjectMapping: 0.100492 ms MarkObjects: 2.110974 ms  DeleteObjects: 0.669807 ms)

========================================================================
Received Prepare
Registering precompiled user dll's ...
Registered in 0.001250 seconds.
Begin MonoManager ReloadAssembly
Native extension for WindowsStandalone target not found
Native extension for OSXStandalone target not found
Refreshing native plugins compatible for Editor in 0.48 ms, found 2 plugins.
Preloading 0 native plugins for Editor in 0.00 ms.
Mono: successfully reloaded assembly
- Completed reload, in  1.331 seconds
Platform modules already initialized, skipping
Refreshing native plugins compatible for Editor in 0.50 ms, found 2 plugins.
Preloading 0 native plugins for Editor in 0.00 ms.
Unloading 1846 Unused Serialized files (Serialized files now loaded: 0)
System memory in use before: 161.3 MB.
System memory in use after: 161.4 MB.

Unloading 7 unused Assets to reduce memory usage. Loaded Objects now: 2394.
Total: 3.147822 ms (FindLiveObjects: 0.294570 ms CreateObjectMapping: 0.085469 ms MarkObjects: 2.073475 ms  DeleteObjects: 0.693058 ms)

========================================================================
Received Prepare
Registering precompiled user dll's ...
Registered in 0.001581 seconds.
Begin MonoManager ReloadAssembly
Native extension for WindowsStandalone target not found
Native extension for OSXStandalone target not found
Refreshing native plugins compatible for Editor in 0.46 ms, found 2 plugins.
Preloading 0 native plugins for Editor in 0.00 ms.
Mono: successfully reloaded assembly
- Completed reload, in  1.515 seconds
Platform modules already initialized, skipping
Refreshing native plugins compatible for Editor in 0.43 ms, found 2 plugins.
Preloading 0 native plugins for Editor in 0.00 ms.
Unloading 1846 Unused Serialized files (Serialized files now loaded: 0)
System memory in use before: 161.5 MB.
System memory in use after: 161.6 MB.

Unloading 7 unused Assets to reduce memory usage. Loaded Objects now: 2398.
Total: 4.214199 ms (FindLiveObjects: 0.509838 ms CreateObjectMapping: 0.156149 ms MarkObjects: 2.965976 ms  DeleteObjects: 0.580986 ms)

========================================================================
Received Import Request.
  Time since last request: 1362.466343 seconds.
  path: Assets/Scripts/Option/ResetSound.cs
  artifactKey: Guid(ebbc5b0e0db0f4d46a6e55daa2976e61) Importer(815301076,1909f56bfc062723c751e8b465ee728b)
Start importing Assets/Scripts/Option/ResetSound.cs using Guid(ebbc5b0e0db0f4d46a6e55daa2976e61) Importer(815301076,1909f56bfc062723c751e8b465ee728b)  -> (artifact id: '9ffa1f1cae8defbf30bd9930f0bba3eb') in 0.046251 seconds
  Import took 0.054051 seconds .

========================================================================
Received Import Request.
  Time since last request: 6.321644 seconds.
  path: Assets/Scripts/Option/ResetButton.cs
  artifactKey: Guid(ebbc5b0e0db0f4d46a6e55daa2976e61) Importer(815301076,1909f56bfc062723c751e8b465ee728b)
Start importing Assets/Scripts/Option/ResetButton.cs using Guid(ebbc5b0e0db0f4d46a6e55daa2976e61) Importer(815301076,1909f56bfc062723c751e8b465ee728b)  -> (artifact id: '7b2a82f7131644c9c77ef448d0726ddd') in 0.005600 seconds
  Import took 0.010661 seconds .

========================================================================
Received Prepare
Registering precompiled user dll's ...
Registered in 0.001438 seconds.
Begin MonoManager ReloadAssembly
Native extension for WindowsStandalone target not found
Native extension for OSXStandalone target not found
Refreshing native plugins compatible for Editor in 0.45 ms, found 2 plugins.
Preloading 0 native plugins for Editor in 0.00 ms.
Mono: successfully reloaded assembly
- Completed reload, in  1.370 seconds
Platform modules already initialized, skipping
Refreshing native plugins compatible for Editor in 0.72 ms, found 2 plugins.
Preloading 0 native plugins for Editor in 0.00 ms.
Unloading 1846 Unused Serialized files (Serialized files now loaded: 0)
System memory in use before: 161.7 MB.
System memory in use after: 161.9 MB.

Unloading 7 unused Assets to reduce memory usage. Loaded Objects now: 2402.
Total: 3.029896 ms (FindLiveObjects: 0.239284 ms CreateObjectMapping: 0.071226 ms MarkObjects: 2.008532 ms  DeleteObjects: 0.709960 ms)

========================================================================
Received Prepare
Registering precompiled user dll's ...
Registered in 0.002070 seconds.
Begin MonoManager ReloadAssembly
Native extension for WindowsStandalone target not found
Native extension for OSXStandalone target not found
Refreshing native plugins compatible for Editor in 0.44 ms, found 2 plugins.
Preloading 0 native plugins for Editor in 0.00 ms.
Mono: successfully reloaded assembly
- Completed reload, in  1.573 seconds
Platform modules already initialized, skipping
Refreshing native plugins compatible for Editor in 0.46 ms, found 2 plugins.
Preloading 0 native plugins for Editor in 0.00 ms.
Unloading 1846 Unused Serialized files (Serialized files now loaded: 0)
System memory in use before: 161.9 MB.
System memory in use after: 162.1 MB.

Unloading 7 unused Assets to reduce memory usage. Loaded Objects now: 2406.
Total: 3.123972 ms (FindLiveObjects: 0.254096 ms CreateObjectMapping: 0.067336 ms MarkObjects: 2.193197 ms  DeleteObjects: 0.608130 ms)

========================================================================
Received Prepare
Registering precompiled user dll's ...
Registered in 0.001083 seconds.
Begin MonoManager ReloadAssembly
Native extension for WindowsStandalone target not found
Native extension for OSXStandalone target not found
Refreshing native plugins compatible for Editor in 0.50 ms, found 2 plugins.
Preloading 0 native plugins for Editor in 0.00 ms.
Mono: successfully reloaded assembly
- Completed reload, in  1.687 seconds
Platform modules already initialized, skipping
Refreshing native plugins compatible for Editor in 0.45 ms, found 2 plugins.
Preloading 0 native plugins for Editor in 0.00 ms.
Unloading 1846 Unused Serialized files (Serialized files now loaded: 0)
System memory in use before: 162.1 MB.
System memory in use after: 162.3 MB.

Unloading 7 unused Assets to reduce memory usage. Loaded Objects now: 2410.
Total: 3.493103 ms (FindLiveObjects: 0.485880 ms CreateObjectMapping: 0.122713 ms MarkObjects: 2.851273 ms  DeleteObjects: 0.031924 ms)

========================================================================
Received Prepare
Registering precompiled user dll's ...
Registered in 0.001540 seconds.
Begin MonoManager ReloadAssembly
Native extension for WindowsStandalone target not found
Native extension for OSXStandalone target not found
Refreshing native plugins compatible for Editor in 0.67 ms, found 2 plugins.
Preloading 0 native plugins for Editor in 0.00 ms.
Mono: successfully reloaded assembly
- Completed reload, in  2.176 seconds
Platform modules already initialized, skipping
Refreshing native plugins compatible for Editor in 0.49 ms, found 2 plugins.
Preloading 0 native plugins for Editor in 0.00 ms.
Unloading 1846 Unused Serialized files (Serialized files now loaded: 0)
System memory in use before: 162.4 MB.
System memory in use after: 162.5 MB.

Unloading 7 unused Assets to reduce memory usage. Loaded Objects now: 2414.
Total: 6.300679 ms (FindLiveObjects: 0.505007 ms CreateObjectMapping: 0.104001 ms MarkObjects: 4.498066 ms  DeleteObjects: 1.192061 ms)

========================================================================
Received Prepare
Registering precompiled user dll's ...
Registered in 0.002189 seconds.
Begin MonoManager ReloadAssembly
Native extension for WindowsStandalone target not found
Native extension for OSXStandalone target not found
Refreshing native plugins compatible for Editor in 8.88 ms, found 2 plugins.
Preloading 0 native plugins for Editor in 0.00 ms.
Mono: successfully reloaded assembly
- Completed reload, in  2.350 seconds
Platform modules already initialized, skipping
Refreshing native plugins compatible for Editor in 0.48 ms, found 2 plugins.
Preloading 0 native plugins for Editor in 0.00 ms.
Unloading 1846 Unused Serialized files (Serialized files now loaded: 0)
System memory in use before: 162.6 MB.
System memory in use after: 162.7 MB.

Unloading 7 unused Assets to reduce memory usage. Loaded Objects now: 2418.
Total: 7.154418 ms (FindLiveObjects: 2.488494 ms CreateObjectMapping: 0.255538 ms MarkObjects: 3.114674 ms  DeleteObjects: 1.293967 ms)

========================================================================
Received Prepare
Registering precompiled user dll's ...
Registered in 0.002369 seconds.
Begin MonoManager ReloadAssembly
Native extension for WindowsStandalone target not found
Native extension for OSXStandalone target not found
Refreshing native plugins compatible for Editor in 0.53 ms, found 2 plugins.
Preloading 0 native plugins for Editor in 0.00 ms.
Mono: successfully reloaded assembly
- Completed reload, in  1.888 seconds
Platform modules already initialized, skipping
Refreshing native plugins compatible for Editor in 0.49 ms, found 2 plugins.
Preloading 0 native plugins for Editor in 0.00 ms.
Unloading 1846 Unused Serialized files (Serialized files now loaded: 0)
System memory in use before: 162.8 MB.
System memory in use after: 162.9 MB.

Unloading 7 unused Assets to reduce memory usage. Loaded Objects now: 2422.
Total: 3.132685 ms (FindLiveObjects: 1.053405 ms CreateObjectMapping: 0.181075 ms MarkObjects: 1.873764 ms  DeleteObjects: 0.023480 ms)

========================================================================
Received Prepare
Registering precompiled user dll's ...
Registered in 0.005765 seconds.
Begin MonoManager ReloadAssembly
Native extension for WindowsStandalone target not found
Native extension for OSXStandalone target not found
Refreshing native plugins compatible for Editor in 4.36 ms, found 2 plugins.
Preloading 0 native plugins for Editor in 0.00 ms.
Mono: successfully reloaded assembly
- Completed reload, in  1.932 seconds
Platform modules already initialized, skipping
Refreshing native plugins compatible for Editor in 0.81 ms, found 2 plugins.
Preloading 0 native plugins for Editor in 0.00 ms.
Unloading 1846 Unused Serialized files (Serialized files now loaded: 0)
System memory in use before: 163.0 MB.
System memory in use after: 163.1 MB.

Unloading 7 unused Assets to reduce memory usage. Loaded Objects now: 2426.
Total: 35.509366 ms (FindLiveObjects: 6.959735 ms CreateObjectMapping: 1.859294 ms MarkObjects: 26.616511 ms  DeleteObjects: 0.071630 ms)

========================================================================
Received Prepare
Registering precompiled user dll's ...
Registered in 0.005663 seconds.
Begin MonoManager ReloadAssembly
Native extension for WindowsStandalone target not found
Native extension for OSXStandalone target not found
Refreshing native plugins compatible for Editor in 2.68 ms, found 2 plugins.
Preloading 0 native plugins for Editor in 0.00 ms.
Mono: successfully reloaded assembly
- Completed reload, in  3.480 seconds
Platform modules already initialized, skipping
Refreshing native plugins compatible for Editor in 2.90 ms, found 2 plugins.
Preloading 0 native plugins for Editor in 0.00 ms.
Unloading 1846 Unused Serialized files (Serialized files now loaded: 0)
System memory in use before: 163.1 MB.
System memory in use after: 163.2 MB.

Unloading 7 unused Assets to reduce memory usage. Loaded Objects now: 2430.
Total: 35.219621 ms (FindLiveObjects: 2.918878 ms CreateObjectMapping: 0.371589 ms MarkObjects: 30.711319 ms  DeleteObjects: 1.216037 ms)

========================================================================
Received Prepare
Registering precompiled user dll's ...
Registered in 0.005214 seconds.
Begin MonoManager ReloadAssembly
Native extension for WindowsStandalone target not found
Native extension for OSXStandalone target not found
Refreshing native plugins compatible for Editor in 3.02 ms, found 2 plugins.
Preloading 0 native plugins for Editor in 0.00 ms.
Mono: successfully reloaded assembly
- Completed reload, in  2.126 seconds
Platform modules already initialized, skipping
Refreshing native plugins compatible for Editor in 0.48 ms, found 2 plugins.
Preloading 0 native plugins for Editor in 0.00 ms.
Unloading 1846 Unused Serialized files (Serialized files now loaded: 0)
System memory in use before: 163.3 MB.
System memory in use after: 163.5 MB.

Unloading 7 unused Assets to reduce memory usage. Loaded Objects now: 2434.
Total: 14.736745 ms (FindLiveObjects: 3.240091 ms CreateObjectMapping: 0.254288 ms MarkObjects: 9.328480 ms  DeleteObjects: 1.912176 ms)

========================================================================
Received Prepare
Registering precompiled user dll's ...
Registered in 0.003186 seconds.
Begin MonoManager ReloadAssembly
Native extension for WindowsStandalone target not found
Native extension for OSXStandalone target not found
Refreshing native plugins compatible for Editor in 0.54 ms, found 2 plugins.
Preloading 0 native plugins for Editor in 0.00 ms.
Mono: successfully reloaded assembly
- Completed reload, in  1.681 seconds
Platform modules already initialized, skipping
Refreshing native plugins compatible for Editor in 0.45 ms, found 2 plugins.
Preloading 0 native plugins for Editor in 0.00 ms.
Unloading 1846 Unused Serialized files (Serialized files now loaded: 0)
System memory in use before: 163.5 MB.
System memory in use after: 163.7 MB.

Unloading 7 unused Assets to reduce memory usage. Loaded Objects now: 2438.
Total: 3.059071 ms (FindLiveObjects: 0.474086 ms CreateObjectMapping: 0.129968 ms MarkObjects: 2.426437 ms  DeleteObjects: 0.027375 ms)

========================================================================
Received Prepare
Registering precompiled user dll's ...
Registered in 0.001886 seconds.
Begin MonoManager ReloadAssembly
Native extension for WindowsStandalone target not found
Native extension for OSXStandalone target not found
Refreshing native plugins compatible for Editor in 0.55 ms, found 2 plugins.
Preloading 0 native plugins for Editor in 0.00 ms.
Mono: successfully reloaded assembly
- Completed reload, in  1.647 seconds
Platform modules already initialized, skipping
Refreshing native plugins compatible for Editor in 0.46 ms, found 2 plugins.
Preloading 0 native plugins for Editor in 0.00 ms.
Unloading 1846 Unused Serialized files (Serialized files now loaded: 0)
System memory in use before: 163.8 MB.
System memory in use after: 163.9 MB.

Unloading 7 unused Assets to reduce memory usage. Loaded Objects now: 2442.
Total: 5.177282 ms (FindLiveObjects: 1.281904 ms CreateObjectMapping: 0.099146 ms MarkObjects: 2.460646 ms  DeleteObjects: 1.334227 ms)

========================================================================
Received Import Request.
  Time since last request: 2505.202202 seconds.
  path: Assets/Scripts/Button/ButtonFunctions.cs
  artifactKey: Guid(9f9049f89726b4506989e153081791d9) Importer(815301076,1909f56bfc062723c751e8b465ee728b)
Start importing Assets/Scripts/Button/ButtonFunctions.cs using Guid(9f9049f89726b4506989e153081791d9) Importer(815301076,1909f56bfc062723c751e8b465ee728b)  -> (artifact id: 'c986c154c8ebde98522e56ed6cfdd38a') in 0.703901 seconds
  Import took 1.302641 seconds .

========================================================================
Received Import Request.
  Time since last request: 336.122271 seconds.
  path: Assets/Prefabs/Customers/General/General01.prefab
  artifactKey: Guid(b0e4c39238f7e400e843d9f9d4621f23) Importer(815301076,1909f56bfc062723c751e8b465ee728b)
Start importing Assets/Prefabs/Customers/General/General01.prefab using Guid(b0e4c39238f7e400e843d9f9d4621f23) Importer(815301076,1909f56bfc062723c751e8b465ee728b)  -> (artifact id: '0dde39c2f44e9ec5652df5ca8ec8e55f') in 7.232122 seconds
  Import took 7.744388 seconds .

========================================================================
Received Import Request.
  Time since last request: 0.006183 seconds.
  path: Assets/Prefabs/Customers/Large/Large02.prefab
  artifactKey: Guid(69b83620e13fc4dc59992a054ebabafc) Importer(815301076,1909f56bfc062723c751e8b465ee728b)
Start importing Assets/Prefabs/Customers/Large/Large02.prefab using Guid(69b83620e13fc4dc59992a054ebabafc) Importer(815301076,1909f56bfc062723c751e8b465ee728b)  -> (artifact id: '5f103a824c93aed38f19d4c13969830c') in 0.080775 seconds
  Import took 0.097307 seconds .

========================================================================
Received Import Request.
  Time since last request: 0.000328 seconds.
  path: Assets/Prefabs/Customers/Large/Large07.prefab
  artifactKey: Guid(c58ad0cef5c584f49827389ff25422e7) Importer(815301076,1909f56bfc062723c751e8b465ee728b)
Start importing Assets/Prefabs/Customers/Large/Large07.prefab using Guid(c58ad0cef5c584f49827389ff25422e7) Importer(815301076,1909f56bfc062723c751e8b465ee728b)  -> (artifact id: '15cb655a7e609e21afd36cae6a74e628') in 0.015908 seconds
  Import took 0.020986 seconds .

========================================================================
Received Import Request.
  Time since last request: 0.000279 seconds.
  path: Assets/Prefabs/Customers/General/General06.prefab
  artifactKey: Guid(d798c022838964e94821d5a53b55e3bc) Importer(815301076,1909f56bfc062723c751e8b465ee728b)
Start importing Assets/Prefabs/Customers/General/General06.prefab using Guid(d798c022838964e94821d5a53b55e3bc) Importer(815301076,1909f56bfc062723c751e8b465ee728b)  -> (artifact id: 'c4bf1f385871be1f7daa766c8d148580') in 0.018970 seconds
  Import took 0.025026 seconds .

========================================================================
Received Import Request.
  Time since last request: 0.000271 seconds.
  path: Assets/Prefabs/Customers/General/General14.prefab
  artifactKey: Guid(4bc60a655340d453ab1a6f19b5adcf5b) Importer(815301076,1909f56bfc062723c751e8b465ee728b)
Start importing Assets/Prefabs/Customers/General/General14.prefab using Guid(4bc60a655340d453ab1a6f19b5adcf5b) Importer(815301076,1909f56bfc062723c751e8b465ee728b)  -> (artifact id: '974e23064b23a6b5379d588bd3c03ecf') in 0.042307 seconds
  Import took 0.059286 seconds .

========================================================================
Received Import Request.
  Time since last request: 0.002878 seconds.
  path: Assets/Prefabs/Customers/Large/Large05.prefab
  artifactKey: Guid(4e1f14011ef144b40945c0b7ac209a7e) Importer(815301076,1909f56bfc062723c751e8b465ee728b)
Start importing Assets/Prefabs/Customers/Large/Large05.prefab using Guid(4e1f14011ef144b40945c0b7ac209a7e) Importer(815301076,1909f56bfc062723c751e8b465ee728b)  -> (artifact id: 'b3aadbfd89c70d7f143d51e12af92e40') in 0.037946 seconds
  Import took 0.054374 seconds .

========================================================================
Received Import Request.
  Time since last request: 0.002319 seconds.
  path: Assets/Prefabs/Customers/Large/Large08.prefab
  artifactKey: Guid(fa4d37dbe2c7f48029d37c3e58f7dfce) Importer(815301076,1909f56bfc062723c751e8b465ee728b)
Start importing Assets/Prefabs/Customers/Large/Large08.prefab using Guid(fa4d37dbe2c7f48029d37c3e58f7dfce) Importer(815301076,1909f56bfc062723c751e8b465ee728b)  -> (artifact id: '2af2338a40f272563a444021141bfede') in 0.034084 seconds
  Import took 0.050300 seconds .

========================================================================
Received Import Request.
  Time since last request: 0.000486 seconds.
  path: Assets/Prefabs/Customers/General/General10.prefab
  artifactKey: Guid(40738b64acf4043c0a2ab86a4fad3095) Importer(815301076,1909f56bfc062723c751e8b465ee728b)
Start importing Assets/Prefabs/Customers/General/General10.prefab using Guid(40738b64acf4043c0a2ab86a4fad3095) Importer(815301076,1909f56bfc062723c751e8b465ee728b)  -> (artifact id: '1a1c7ebae20188535ab96ac8b12bec82') in 0.044231 seconds
  Import took 0.062446 seconds .

========================================================================
Received Import Request.
  Time since last request: 0.000298 seconds.
  path: Assets/Prefabs/Customers/General/General16.prefab
  artifactKey: Guid(3c7a64ee2954c4070962d438c5b2748e) Importer(815301076,1909f56bfc062723c751e8b465ee728b)
Start importing Assets/Prefabs/Customers/General/General16.prefab using Guid(3c7a64ee2954c4070962d438c5b2748e) Importer(815301076,1909f56bfc062723c751e8b465ee728b)  -> (artifact id: '6d34c36c2a37c4af53b0ccad5a7341ab') in 0.039919 seconds
  Import took 0.056157 seconds .

========================================================================
Received Import Request.
  Time since last request: 0.002830 seconds.
  path: Assets/Prefabs/Customers/Large/Large03.prefab
  artifactKey: Guid(93e1be83c07fa4bf0bbc69ccbd539cfc) Importer(815301076,1909f56bfc062723c751e8b465ee728b)
Start importing Assets/Prefabs/Customers/Large/Large03.prefab using Guid(93e1be83c07fa4bf0bbc69ccbd539cfc) Importer(815301076,1909f56bfc062723c751e8b465ee728b)  -> (artifact id: '69a13964829ffd3cc781c5638f801863') in 0.079614 seconds
  Import took 0.101087 seconds .

========================================================================
Received Import Request.
  Time since last request: 0.000280 seconds.
  path: Assets/Prefabs/Customers/General/General03.prefab
  artifactKey: Guid(9c1eed45488a44fd8ab253038dbf0dfc) Importer(815301076,1909f56bfc062723c751e8b465ee728b)
Start importing Assets/Prefabs/Customers/General/General03.prefab using Guid(9c1eed45488a44fd8ab253038dbf0dfc) Importer(815301076,1909f56bfc062723c751e8b465ee728b)  -> (artifact id: 'ff46af9ecb271395181efa1968ce91ed') in 0.072214 seconds
  Import took 0.086636 seconds .

========================================================================
Received Import Request.
  Time since last request: 0.000354 seconds.
  path: Assets/Prefabs/Customers/Large/Large01.prefab
  artifactKey: Guid(3997a7cc7fc3f467587e38ca1a15d475) Importer(815301076,1909f56bfc062723c751e8b465ee728b)
Start importing Assets/Prefabs/Customers/Large/Large01.prefab using Guid(3997a7cc7fc3f467587e38ca1a15d475) Importer(815301076,1909f56bfc062723c751e8b465ee728b)  -> (artifact id: 'd38baa7c9da5190a5dc1be2683cf885c') in 0.057888 seconds
  Import took 0.065716 seconds .

========================================================================
Received Import Request.
  Time since last request: 0.000865 seconds.
  path: Assets/Prefabs/Customers/General/General12.prefab
  artifactKey: Guid(a8641e5c432f04281b156e98215730a7) Importer(815301076,1909f56bfc062723c751e8b465ee728b)
Start importing Assets/Prefabs/Customers/General/General12.prefab using Guid(a8641e5c432f04281b156e98215730a7) Importer(815301076,1909f56bfc062723c751e8b465ee728b)  -> (artifact id: '05ac92e99681edf9056e459ad8a423cb') in 0.059012 seconds
  Import took 0.071184 seconds .

========================================================================
Received Import Request.
  Time since last request: 0.002014 seconds.
  path: Assets/Prefabs/Customers/General/General08.prefab
  artifactKey: Guid(7ff211c4a49904fdf90f1034a51b41c5) Importer(815301076,1909f56bfc062723c751e8b465ee728b)
Start importing Assets/Prefabs/Customers/General/General08.prefab using Guid(7ff211c4a49904fdf90f1034a51b41c5) Importer(815301076,1909f56bfc062723c751e8b465ee728b)  -> (artifact id: '84306586440035a6a9b6861f9987c20c') in 0.016930 seconds
  Import took 0.023275 seconds .

========================================================================
Received Import Request.
  Time since last request: 0.000450 seconds.
  path: Assets/Prefabs/Customers/General/General04.prefab
  artifactKey: Guid(d466a09d1668e49ec966fdb2fcb2e799) Importer(815301076,1909f56bfc062723c751e8b465ee728b)
Start importing Assets/Prefabs/Customers/General/General04.prefab using Guid(d466a09d1668e49ec966fdb2fcb2e799) Importer(815301076,1909f56bfc062723c751e8b465ee728b)  -> (artifact id: '51ed73a52b6ef7de05a4163d78be801c') in 0.015238 seconds
  Import took 0.021133 seconds .

========================================================================
Received Import Request.
  Time since last request: 0.002416 seconds.
  path: Assets/Prefabs/Customers/Large/Large04.prefab
  artifactKey: Guid(87e53f34a20a9411dae9b3aacfb56e26) Importer(815301076,1909f56bfc062723c751e8b465ee728b)
Start importing Assets/Prefabs/Customers/Large/Large04.prefab using Guid(87e53f34a20a9411dae9b3aacfb56e26) Importer(815301076,1909f56bfc062723c751e8b465ee728b)  -> (artifact id: '16e49735f11808db271ee3d5fe331f9f') in 0.056567 seconds
  Import took 0.062519 seconds .

========================================================================
Received Import Request.
  Time since last request: 0.000218 seconds.
  path: Assets/Prefabs/Customers/General/General02.prefab
  artifactKey: Guid(b6c58552fc8ed4c148596ccb3ea66384) Importer(815301076,1909f56bfc062723c751e8b465ee728b)
Start importing Assets/Prefabs/Customers/General/General02.prefab using Guid(b6c58552fc8ed4c148596ccb3ea66384) Importer(815301076,1909f56bfc062723c751e8b465ee728b)  -> (artifact id: '0690f17d4bb8f5ac2c04144e71eca92c') in 0.040749 seconds
  Import took 0.049089 seconds .

========================================================================
Received Import Request.
  Time since last request: 0.001549 seconds.
  path: Assets/Prefabs/Customers/General/General09.prefab
  artifactKey: Guid(21f2859680ccf4ae49eb1a63187c6941) Importer(815301076,1909f56bfc062723c751e8b465ee728b)
Start importing Assets/Prefabs/Customers/General/General09.prefab using Guid(21f2859680ccf4ae49eb1a63187c6941) Importer(815301076,1909f56bfc062723c751e8b465ee728b)  -> (artifact id: '3d6c14b0cd879c3968d6e33b88d460f7') in 0.015645 seconds
  Import took 0.021608 seconds .

========================================================================
Received Import Request.
  Time since last request: 0.000961 seconds.
  path: Assets/Prefabs/Customers/General/General05.prefab
  artifactKey: Guid(f26dff7137d404309ae5f9dce95f3810) Importer(815301076,1909f56bfc062723c751e8b465ee728b)
Start importing Assets/Prefabs/Customers/General/General05.prefab using Guid(f26dff7137d404309ae5f9dce95f3810) Importer(815301076,1909f56bfc062723c751e8b465ee728b)  -> (artifact id: 'be8f1320f4f5d29c16e46cf3cb8e9d6d') in 0.025323 seconds
  Import took 0.031585 seconds .

========================================================================
Received Import Request.
  Time since last request: 0.000249 seconds.
  path: Assets/Prefabs/Customers/General/General15.prefab
  artifactKey: Guid(0b60c7061715546d78ee031495c59857) Importer(815301076,1909f56bfc062723c751e8b465ee728b)
Start importing Assets/Prefabs/Customers/General/General15.prefab using Guid(0b60c7061715546d78ee031495c59857) Importer(815301076,1909f56bfc062723c751e8b465ee728b)  -> (artifact id: '757bb6e34bb9e71eac265d48a457970a') in 0.041228 seconds
  Import took 0.057844 seconds .

========================================================================
Received Import Request.
  Time since last request: 0.001554 seconds.
  path: Assets/Prefabs/Customers/General/General13.prefab
  artifactKey: Guid(4356df2d2b32a46aa97a85544ecc41b8) Importer(815301076,1909f56bfc062723c751e8b465ee728b)
Start importing Assets/Prefabs/Customers/General/General13.prefab using Guid(4356df2d2b32a46aa97a85544ecc41b8) Importer(815301076,1909f56bfc062723c751e8b465ee728b)  -> (artifact id: '813c3f8d19ab28f24e601d9eee38d703') in 0.016631 seconds
  Import took 0.023275 seconds .

========================================================================
Received Import Request.
  Time since last request: 0.009843 seconds.
  path: Assets/Prefabs/Customers/Large/Large06.prefab
  artifactKey: Guid(668bcf016bc604a9fb9de8495e2b3a30) Importer(815301076,1909f56bfc062723c751e8b465ee728b)
Start importing Assets/Prefabs/Customers/Large/Large06.prefab using Guid(668bcf016bc604a9fb9de8495e2b3a30) Importer(815301076,1909f56bfc062723c751e8b465ee728b)  -> (artifact id: '5a1a1b14d885712afc8753cc1f4e70eb') in 0.069535 seconds
  Import took 0.076310 seconds .

========================================================================
Received Import Request.
  Time since last request: 0.000362 seconds.
  path: Assets/Prefabs/Customers/General/General07.prefab
  artifactKey: Guid(05cd84895e42346f1b38899e91c50d73) Importer(815301076,1909f56bfc062723c751e8b465ee728b)
Start importing Assets/Prefabs/Customers/General/General07.prefab using Guid(05cd84895e42346f1b38899e91c50d73) Importer(815301076,1909f56bfc062723c751e8b465ee728b)  -> (artifact id: '60881a7ffff8b0f0c847083a746484d7') in 0.055064 seconds
  Import took 0.067778 seconds .

========================================================================
Received Import Request.
  Time since last request: 0.000368 seconds.
  path: Assets/Prefabs/Customers/General/General11.prefab
  artifactKey: Guid(122ee04c44d344e55ac608dff0810764) Importer(815301076,1909f56bfc062723c751e8b465ee728b)
Start importing Assets/Prefabs/Customers/General/General11.prefab using Guid(122ee04c44d344e55ac608dff0810764) Importer(815301076,1909f56bfc062723c751e8b465ee728b)  -> (artifact id: '080a2b4a191022f17cafe831c95dcb02') in 0.040947 seconds
  Import took 0.052392 seconds .

========================================================================
Received Prepare
Registering precompiled user dll's ...
Registered in 0.010759 seconds.
Begin MonoManager ReloadAssembly
Native extension for WindowsStandalone target not found
Native extension for OSXStandalone target not found
Refreshing native plugins compatible for Editor in 1.78 ms, found 2 plugins.
Preloading 0 native plugins for Editor in 0.00 ms.
Mono: successfully reloaded assembly
- Completed reload, in  3.484 seconds
Platform modules already initialized, skipping
Refreshing native plugins compatible for Editor in 1.35 ms, found 2 plugins.
Preloading 0 native plugins for Editor in 0.00 ms.
Unloading 1846 Unused Serialized files (Serialized files now loaded: 0)
System memory in use before: 172.5 MB.
System memory in use after: 172.6 MB.

Unloading 7 unused Assets to reduce memory usage. Loaded Objects now: 2453.
Total: 67.190848 ms (FindLiveObjects: 7.323007 ms CreateObjectMapping: 0.736636 ms MarkObjects: 58.765694 ms  DeleteObjects: 0.362943 ms)

========================================================================
Received Prepare
Registering precompiled user dll's ...
Registered in 0.002014 seconds.
Begin MonoManager ReloadAssembly
Native extension for WindowsStandalone target not found
Native extension for OSXStandalone target not found
Refreshing native plugins compatible for Editor in 4.16 ms, found 2 plugins.
Preloading 0 native plugins for Editor in 0.00 ms.
Mono: successfully reloaded assembly
- Completed reload, in  2.314 seconds
Platform modules already initialized, skipping
Refreshing native plugins compatible for Editor in 0.61 ms, found 2 plugins.
Preloading 0 native plugins for Editor in 0.00 ms.
Unloading 1846 Unused Serialized files (Serialized files now loaded: 0)
System memory in use before: 172.8 MB.
System memory in use after: 172.9 MB.

Unloading 7 unused Assets to reduce memory usage. Loaded Objects now: 2457.
Total: 8.572220 ms (FindLiveObjects: 0.549982 ms CreateObjectMapping: 0.168057 ms MarkObjects: 7.257869 ms  DeleteObjects: 0.594969 ms)

========================================================================
Received Import Request.
  Time since last request: 192.764323 seconds.
  path: Assets/Prefabs/Customers/Large/Large08.prefab
  artifactKey: Guid(fa4d37dbe2c7f48029d37c3e58f7dfce) Importer(815301076,1909f56bfc062723c751e8b465ee728b)
Start importing Assets/Prefabs/Customers/Large/Large08.prefab using Guid(fa4d37dbe2c7f48029d37c3e58f7dfce) Importer(815301076,1909f56bfc062723c751e8b465ee728b)  -> (artifact id: '2cbffc87a600eb6317375d3e2efa1a0c') in 0.895228 seconds
  Import took 1.411709 seconds .

========================================================================
Received Prepare
Registering precompiled user dll's ...
Registered in 0.001999 seconds.
Begin MonoManager ReloadAssembly
Native extension for WindowsStandalone target not found
Native extension for OSXStandalone target not found
Refreshing native plugins compatible for Editor in 2.28 ms, found 2 plugins.
Preloading 0 native plugins for Editor in 0.00 ms.
Mono: successfully reloaded assembly
- Completed reload, in  2.847 seconds
Platform modules already initialized, skipping
Refreshing native plugins compatible for Editor in 0.44 ms, found 2 plugins.
Preloading 0 native plugins for Editor in 0.00 ms.
Unloading 1846 Unused Serialized files (Serialized files now loaded: 0)
System memory in use before: 173.0 MB.
System memory in use after: 173.1 MB.

Unloading 7 unused Assets to reduce memory usage. Loaded Objects now: 2462.
Total: 84.221338 ms (FindLiveObjects: 1.192584 ms CreateObjectMapping: 0.208666 ms MarkObjects: 82.735324 ms  DeleteObjects: 0.083158 ms)

========================================================================
Received Import Request.
  Time since last request: 23.689350 seconds.
  path: Assets/Prefabs/Customers/Large/Large08.prefab
  artifactKey: Guid(fa4d37dbe2c7f48029d37c3e58f7dfce) Importer(815301076,1909f56bfc062723c751e8b465ee728b)
Start importing Assets/Prefabs/Customers/Large/Large08.prefab using Guid(fa4d37dbe2c7f48029d37c3e58f7dfce) Importer(815301076,1909f56bfc062723c751e8b465ee728b)  -> (artifact id: '919b0bab9370c43e62a872d891570513') in 0.384456 seconds
  Import took 0.437260 seconds .

========================================================================
Received Import Request.
  Time since last request: 0.188550 seconds.
  path: Assets/Prefabs/Customers/Large/Large08.prefab
  artifactKey: Guid(fa4d37dbe2c7f48029d37c3e58f7dfce) Importer(815301076,1909f56bfc062723c751e8b465ee728b)
Start importing Assets/Prefabs/Customers/Large/Large08.prefab using Guid(fa4d37dbe2c7f48029d37c3e58f7dfce) Importer(815301076,1909f56bfc062723c751e8b465ee728b)  -> (artifact id: '919b0bab9370c43e62a872d891570513') in 0.012452 seconds
  Import took 0.019271 seconds .

========================================================================
Received Prepare
Registering precompiled user dll's ...
Registered in 0.001261 seconds.
Begin MonoManager ReloadAssembly
Native extension for WindowsStandalone target not found
Native extension for OSXStandalone target not found
Refreshing native plugins compatible for Editor in 0.50 ms, found 2 plugins.
Preloading 0 native plugins for Editor in 0.00 ms.
Mono: successfully reloaded assembly
- Completed reload, in  1.739 seconds
Platform modules already initialized, skipping
Refreshing native plugins compatible for Editor in 0.77 ms, found 2 plugins.
Preloading 0 native plugins for Editor in 0.00 ms.
Unloading 1846 Unused Serialized files (Serialized files now loaded: 0)
System memory in use before: 173.3 MB.
System memory in use after: 173.4 MB.

Unloading 7 unused Assets to reduce memory usage. Loaded Objects now: 2467.
Total: 3.475900 ms (FindLiveObjects: 0.492400 ms CreateObjectMapping: 0.136351 ms MarkObjects: 2.812331 ms  DeleteObjects: 0.033570 ms)

========================================================================
Received Import Request.
  Time since last request: 20.272334 seconds.
  path: Assets/Prefabs/Customers/Large/Large08.prefab
  artifactKey: Guid(fa4d37dbe2c7f48029d37c3e58f7dfce) Importer(815301076,1909f56bfc062723c751e8b465ee728b)
Start importing Assets/Prefabs/Customers/Large/Large08.prefab using Guid(fa4d37dbe2c7f48029d37c3e58f7dfce) Importer(815301076,1909f56bfc062723c751e8b465ee728b)  -> (artifact id: '97381dab1eaacd69165814f50e9c0d0f') in 0.089911 seconds
  Import took 0.094258 seconds .

========================================================================
Received Prepare
Registering precompiled user dll's ...
Registered in 0.000726 seconds.
Begin MonoManager ReloadAssembly
Native extension for WindowsStandalone target not found
Native extension for OSXStandalone target not found
Refreshing native plugins compatible for Editor in 1.13 ms, found 2 plugins.
Preloading 0 native plugins for Editor in 0.00 ms.
Mono: successfully reloaded assembly
- Completed reload, in  1.635 seconds
Platform modules already initialized, skipping
Refreshing native plugins compatible for Editor in 0.66 ms, found 2 plugins.
Preloading 0 native plugins for Editor in 0.00 ms.
Unloading 1846 Unused Serialized files (Serialized files now loaded: 0)
System memory in use before: 173.4 MB.
System memory in use after: 173.5 MB.

Unloading 7 unused Assets to reduce memory usage. Loaded Objects now: 2472.
Total: 2.997713 ms (FindLiveObjects: 0.296142 ms CreateObjectMapping: 0.094202 ms MarkObjects: 2.541513 ms  DeleteObjects: 0.064725 ms)

========================================================================
Received Prepare
Registering precompiled user dll's ...
Registered in 0.002285 seconds.
Begin MonoManager ReloadAssembly
Native extension for WindowsStandalone target not found
Native extension for OSXStandalone target not found
Refreshing native plugins compatible for Editor in 2.27 ms, found 2 plugins.
Preloading 0 native plugins for Editor in 0.00 ms.
Mono: successfully reloaded assembly
- Completed reload, in  2.596 seconds
Platform modules already initialized, skipping
Refreshing native plugins compatible for Editor in 0.62 ms, found 2 plugins.
Preloading 0 native plugins for Editor in 0.00 ms.
Unloading 1846 Unused Serialized files (Serialized files now loaded: 0)
System memory in use before: 173.6 MB.
System memory in use after: 173.7 MB.

Unloading 7 unused Assets to reduce memory usage. Loaded Objects now: 2476.
Total: 19.613279 ms (FindLiveObjects: 0.791968 ms CreateObjectMapping: 0.309014 ms MarkObjects: 18.399047 ms  DeleteObjects: 0.111459 ms)

========================================================================
Received Prepare
Registering precompiled user dll's ...
Registered in 0.001708 seconds.
Begin MonoManager ReloadAssembly
Native extension for WindowsStandalone target not found
Native extension for OSXStandalone target not found
Refreshing native plugins compatible for Editor in 1.14 ms, found 2 plugins.
Preloading 0 native plugins for Editor in 0.00 ms.
Mono: successfully reloaded assembly
- Completed reload, in  3.032 seconds
Platform modules already initialized, skipping
Refreshing native plugins compatible for Editor in 1.21 ms, found 2 plugins.
Preloading 0 native plugins for Editor in 0.00 ms.
Unloading 1846 Unused Serialized files (Serialized files now loaded: 0)
System memory in use before: 173.8 MB.
System memory in use after: 174.0 MB.

Unloading 7 unused Assets to reduce memory usage. Loaded Objects now: 2480.
Total: 70.249964 ms (FindLiveObjects: 8.771489 ms CreateObjectMapping: 0.344650 ms MarkObjects: 61.038293 ms  DeleteObjects: 0.093337 ms)

========================================================================
Received Prepare
Registering precompiled user dll's ...
Registered in 0.001101 seconds.
Begin MonoManager ReloadAssembly
Native extension for WindowsStandalone target not found
Native extension for OSXStandalone target not found
Refreshing native plugins compatible for Editor in 0.46 ms, found 2 plugins.
Preloading 0 native plugins for Editor in 0.00 ms.
Mono: successfully reloaded assembly
- Completed reload, in  1.832 seconds
Platform modules already initialized, skipping
Refreshing native plugins compatible for Editor in 0.45 ms, found 2 plugins.
Preloading 0 native plugins for Editor in 0.00 ms.
Unloading 1846 Unused Serialized files (Serialized files now loaded: 0)
System memory in use before: 174.1 MB.
System memory in use after: 174.2 MB.

Unloading 7 unused Assets to reduce memory usage. Loaded Objects now: 2484.
Total: 7.106055 ms (FindLiveObjects: 2.005217 ms CreateObjectMapping: 0.075517 ms MarkObjects: 4.961274 ms  DeleteObjects: 0.062997 ms)

========================================================================
Received Prepare
Registering precompiled user dll's ...
Registered in 0.009095 seconds.
Begin MonoManager ReloadAssembly
Native extension for WindowsStandalone target not found
Native extension for OSXStandalone target not found
Refreshing native plugins compatible for Editor in 0.55 ms, found 2 plugins.
Preloading 0 native plugins for Editor in 0.00 ms.
Mono: successfully reloaded assembly
- Completed reload, in  2.599 seconds
Platform modules already initialized, skipping
Refreshing native plugins compatible for Editor in 0.56 ms, found 2 plugins.
Preloading 0 native plugins for Editor in 0.00 ms.
Unloading 1846 Unused Serialized files (Serialized files now loaded: 0)
System memory in use before: 174.4 MB.
System memory in use after: 174.5 MB.

Unloading 7 unused Assets to reduce memory usage. Loaded Objects now: 2488.
Total: 7.309661 ms (FindLiveObjects: 1.275356 ms CreateObjectMapping: 0.114643 ms MarkObjects: 5.879178 ms  DeleteObjects: 0.038845 ms)

========================================================================
Received Prepare
Registering precompiled user dll's ...
Registered in 0.004648 seconds.
Begin MonoManager ReloadAssembly
Native extension for WindowsStandalone target not found
Native extension for OSXStandalone target not found
Refreshing native plugins compatible for Editor in 0.53 ms, found 2 plugins.
Preloading 0 native plugins for Editor in 0.00 ms.
Mono: successfully reloaded assembly
- Completed reload, in  1.741 seconds
Platform modules already initialized, skipping
Refreshing native plugins compatible for Editor in 0.46 ms, found 2 plugins.
Preloading 0 native plugins for Editor in 0.00 ms.
Unloading 1846 Unused Serialized files (Serialized files now loaded: 0)
System memory in use before: 174.6 MB.
System memory in use after: 174.7 MB.

Unloading 7 unused Assets to reduce memory usage. Loaded Objects now: 2492.
Total: 3.277931 ms (FindLiveObjects: 0.335562 ms CreateObjectMapping: 0.097749 ms MarkObjects: 2.809059 ms  DeleteObjects: 0.034286 ms)

